<?xml version="1.0" encoding="UTF-8" ?>
<testsuite tests="2" failures="0" name="dra.unit.test.MongoDBManagerTest" time="1.125" errors="2" skipped="0">
  <properties>
[...]
</properties>
  <testcase classname="dra.unit.test.MongoDBManagerTest" name="testCollection" time="1.122">
    <error message="Exception authenticating MongoCredential{mechanism=SCRAM-SHA-1, userName=&apos;&lt;insert your ID&gt;&apos;, source=&apos;admin&apos;, password=&lt;hidden&gt;, mechanismProperties=&lt;hidden&gt;}" type="com.mongodb.MongoSecurityException">com.mongodb.MongoSecurityException: Exception authenticating MongoCredential{mechanism=SCRAM-SHA-1, userName=&apos;&lt;insert your ID&gt;&apos;, source=&apos;admin&apos;, password=&lt;hidden&gt;, mechanismProperties=&lt;hidden&gt;}
	at com.mongodb.internal.connection.SaslAuthenticator.wrapException(SaslAuthenticator.java:201)
	at com.mongodb.internal.connection.SaslAuthenticator.access$300(SaslAuthenticator.java:40)
	at com.mongodb.internal.connection.SaslAuthenticator$1.run(SaslAuthenticator.java:78)
	at com.mongodb.internal.connection.SaslAuthenticator$1.run(SaslAuthenticator.java:47)
	at com.mongodb.internal.connection.SaslAuthenticator.doAsSubject(SaslAuthenticator.java:207)
	at com.mongodb.internal.connection.SaslAuthenticator.authenticate(SaslAuthenticator.java:47)
	at com.mongodb.internal.connection.InternalStreamConnectionInitializer.authenticateAll(InternalStreamConnectionInitializer.java:156)
	at com.mongodb.internal.connection.InternalStreamConnectionInitializer.initialize(InternalStreamConnectionInitializer.java:63)
	at com.mongodb.internal.connection.InternalStreamConnection.open(InternalStreamConnection.java:129)
	at com.mongodb.internal.connection.UsageTrackingInternalConnection.open(UsageTrackingInternalConnection.java:50)
	at com.mongodb.internal.connection.DefaultConnectionPool$PooledConnection.open(DefaultConnectionPool.java:398)
	at com.mongodb.internal.connection.DefaultConnectionPool.get(DefaultConnectionPool.java:115)
	at com.mongodb.internal.connection.DefaultConnectionPool.get(DefaultConnectionPool.java:101)
	at com.mongodb.internal.connection.DefaultServer.getConnection(DefaultServer.java:92)
	at com.mongodb.binding.ClusterBinding$ClusterBindingConnectionSource.getConnection(ClusterBinding.java:133)
	at com.mongodb.client.internal.ClientSessionBinding$SessionBindingConnectionSource.getConnection(ClientSessionBinding.java:135)
	at com.mongodb.operation.FindOperation$1.call(FindOperation.java:728)
	at com.mongodb.operation.FindOperation$1.call(FindOperation.java:725)
	at com.mongodb.operation.OperationHelper.withReadConnectionSource(OperationHelper.java:463)
	at com.mongodb.operation.FindOperation.execute(FindOperation.java:725)
	at com.mongodb.operation.FindOperation.execute(FindOperation.java:89)
	at com.mongodb.client.internal.MongoClientDelegate$DelegateOperationExecutor.execute(MongoClientDelegate.java:196)
	at com.mongodb.client.internal.MongoIterableImpl.execute(MongoIterableImpl.java:143)
	at com.mongodb.client.internal.MongoIterableImpl.iterator(MongoIterableImpl.java:92)
	at dra.demo.model.dao.MongoDBManager.showCollection(MongoDBManager.java:41)
	at dra.unit.test.MongoDBManagerTest.testCollection(MongoDBManagerTest.java:52)
	at sun.reflect.NativeMethodAccessorImpl.invoke0(Native Method)
	at sun.reflect.NativeMethodAccessorImpl.invoke(NativeMethodAccessorImpl.java:62)
	at sun.reflect.DelegatingMethodAccessorImpl.invoke(DelegatingMethodAccessorImpl.java:43)
	at java.lang.reflect.Method.invoke(Method.java:498)
	at junit.framework.TestCase.runTest(TestCase.java:176)
	at junit.framework.TestCase.runBare(TestCase.java:141)
	at junit.framework.TestResult$1.protect(TestResult.java:122)
	at junit.framework.TestResult.runProtected(TestResult.java:142)
	at junit.framework.TestResult.run(TestResult.java:125)
	at junit.framework.TestCase.run(TestCase.java:129)
	at junit.framework.TestSuite.runTest(TestSuite.java:252)
	at junit.framework.TestSuite.run(TestSuite.java:247)
	at org.junit.internal.runners.JUnit38ClassRunner.run(JUnit38ClassRunner.java:86)
	at org.apache.maven.surefire.junit4.JUnit4Provider.execute(JUnit4Provider.java:252)
	at org.apache.maven.surefire.junit4.JUnit4Provider.executeTestSet(JUnit4Provider.java:141)
	at org.apache.maven.surefire.junit4.JUnit4Provider.invoke(JUnit4Provider.java:112)
	at sun.reflect.NativeMethodAccessorImpl.invoke0(Native Method)
	at sun.reflect.NativeMethodAccessorImpl.invoke(NativeMethodAccessorImpl.java:62)
	at sun.reflect.DelegatingMethodAccessorImpl.invoke(DelegatingMethodAccessorImpl.java:43)
	at java.lang.reflect.Method.invoke(Method.java:498)
	at org.apache.maven.surefire.util.ReflectionUtils.invokeMethodWithArray(ReflectionUtils.java:189)
	at org.apache.maven.surefire.booter.ProviderFactory$ProviderProxy.invoke(ProviderFactory.java:165)
	at org.apache.maven.surefire.booter.ProviderFactory.invokeProvider(ProviderFactory.java:85)
	at org.apache.maven.surefire.booter.ForkedBooter.runSuitesInProcess(ForkedBooter.java:115)
	at org.apache.maven.surefire.booter.ForkedBooter.main(ForkedBooter.java:75)
Caused by: com.mongodb.MongoCommandException: Command failed with error 8000 (AtlasError): &apos;Authentication failed.&apos; on server cluster0-shard-00-01-7c0ng.mongodb.net:27017. The full response is {&quot;ok&quot;: 0, &quot;errmsg&quot;: &quot;Authentication failed.&quot;, &quot;code&quot;: 8000, &quot;codeName&quot;: &quot;AtlasError&quot;}
	at com.mongodb.internal.connection.ProtocolHelper.getCommandFailureException(ProtocolHelper.java:175)
	at com.mongodb.internal.connection.InternalStreamConnection.receiveCommandMessageResponse(InternalStreamConnection.java:303)
	at com.mongodb.internal.connection.InternalStreamConnection.sendAndReceive(InternalStreamConnection.java:259)
	at com.mongodb.internal.connection.CommandHelper.sendAndReceive(CommandHelper.java:83)
	at com.mongodb.internal.connection.CommandHelper.executeCommand(CommandHelper.java:33)
	at com.mongodb.internal.connection.SaslAuthenticator.sendSaslStart(SaslAuthenticator.java:158)
	at com.mongodb.internal.connection.SaslAuthenticator.access$100(SaslAuthenticator.java:40)
	at com.mongodb.internal.connection.SaslAuthenticator$1.run(SaslAuthenticator.java:54)
	... 48 more
</error>
    <system-out> &gt;&gt; Setting up MongoDB Manager Test variables: 
12:26:35.008 [main] INFO org.mongodb.driver.cluster - Cluster created with settings {hosts=[cluster0-shard-00-00-7c0ng.mongodb.net:27017, cluster0-shard-00-01-7c0ng.mongodb.net:27017, cluster0-shard-00-02-7c0ng.mongodb.net:27017], mode=MULTIPLE, requiredClusterType=REPLICA_SET, serverSelectionTimeout=&apos;30000 ms&apos;, maxWaitQueueSize=500, requiredReplicaSetName=&apos;Cluster0-shard-0&apos;}
12:26:35.008 [main] INFO org.mongodb.driver.cluster - Adding discovered server cluster0-shard-00-00-7c0ng.mongodb.net:27017 to client view of cluster
12:26:35.009 [main] INFO org.mongodb.driver.cluster - Adding discovered server cluster0-shard-00-01-7c0ng.mongodb.net:27017 to client view of cluster
12:26:35.009 [main] INFO org.mongodb.driver.cluster - Adding discovered server cluster0-shard-00-02-7c0ng.mongodb.net:27017 to client view of cluster
12:26:35.010 [main] DEBUG org.mongodb.driver.cluster - Updating cluster description to  {type=REPLICA_SET, servers=[{address=cluster0-shard-00-02-7c0ng.mongodb.net:27017, type=UNKNOWN, state=CONNECTING}, {address=cluster0-shard-00-01-7c0ng.mongodb.net:27017, type=UNKNOWN, state=CONNECTING}, {address=cluster0-shard-00-00-7c0ng.mongodb.net:27017, type=UNKNOWN, state=CONNECTING}]
 &gt;&gt; Verifying and printing the updated Mongo DB database: 
12:26:35.031 [main] INFO org.mongodb.driver.cluster - No server chosen by com.mongodb.client.internal.MongoClientDelegate$1@5a4aa2f2 from cluster description ClusterDescription{type=REPLICA_SET, connectionMode=MULTIPLE, serverDescriptions=[ServerDescription{address=cluster0-shard-00-02-7c0ng.mongodb.net:27017, type=UNKNOWN, state=CONNECTING}, ServerDescription{address=cluster0-shard-00-01-7c0ng.mongodb.net:27017, type=UNKNOWN, state=CONNECTING}, ServerDescription{address=cluster0-shard-00-00-7c0ng.mongodb.net:27017, type=UNKNOWN, state=CONNECTING}]}. Waiting for 30000 ms before timing out
12:26:35.610 [cluster-ClusterId{value=&apos;5f1e3b5af3091d37f6411010&apos;, description=&apos;null&apos;}-cluster0-shard-00-01-7c0ng.mongodb.net:27017] INFO org.mongodb.driver.connection - Opened connection [connectionId{localValue:3, serverValue:65036}] to cluster0-shard-00-01-7c0ng.mongodb.net:27017
12:26:35.610 [cluster-ClusterId{value=&apos;5f1e3b5af3091d37f6411010&apos;, description=&apos;null&apos;}-cluster0-shard-00-02-7c0ng.mongodb.net:27017] INFO org.mongodb.driver.connection - Opened connection [connectionId{localValue:2, serverValue:69381}] to cluster0-shard-00-02-7c0ng.mongodb.net:27017
12:26:35.610 [cluster-ClusterId{value=&apos;5f1e3b5bf3091d37f6411016&apos;, description=&apos;null&apos;}-cluster0-shard-00-00-7c0ng.mongodb.net:27017] INFO org.mongodb.driver.connection - Opened connection [connectionId{localValue:19, serverValue:69074}] to cluster0-shard-00-00-7c0ng.mongodb.net:27017
12:26:35.610 [cluster-ClusterId{value=&apos;5f1e3b5af3091d37f6411012&apos;, description=&apos;null&apos;}-cluster0-shard-00-01-7c0ng.mongodb.net:27017] INFO org.mongodb.driver.connection - Opened connection [connectionId{localValue:8, serverValue:76546}] to cluster0-shard-00-01-7c0ng.mongodb.net:27017
12:26:35.610 [cluster-ClusterId{value=&apos;5f1e3b5bf3091d37f6411016&apos;, description=&apos;null&apos;}-cluster0-shard-00-00-7c0ng.mongodb.net:27017] DEBUG org.mongodb.driver.cluster - Checking status of cluster0-shard-00-00-7c0ng.mongodb.net:27017
12:26:35.610 [cluster-ClusterId{value=&apos;5f1e3b5af3091d37f6411012&apos;, description=&apos;null&apos;}-cluster0-shard-00-01-7c0ng.mongodb.net:27017] DEBUG org.mongodb.driver.cluster - Checking status of cluster0-shard-00-01-7c0ng.mongodb.net:27017
12:26:35.611 [cluster-ClusterId{value=&apos;5f1e3b5af3091d37f6411014&apos;, description=&apos;null&apos;}-cluster0-shard-00-02-7c0ng.mongodb.net:27017] INFO org.mongodb.driver.connection - Opened connection [connectionId{localValue:15, serverValue:65577}] to cluster0-shard-00-02-7c0ng.mongodb.net:27017
12:26:35.611 [cluster-ClusterId{value=&apos;5f1e3b5bf3091d37f6411016&apos;, description=&apos;null&apos;}-cluster0-shard-00-01-7c0ng.mongodb.net:27017] INFO org.mongodb.driver.connection - Opened connection [connectionId{localValue:20, serverValue:53446}] to cluster0-shard-00-01-7c0ng.mongodb.net:27017
12:26:35.611 [cluster-ClusterId{value=&apos;5f1e3b5af3091d37f6411013&apos;, description=&apos;null&apos;}-cluster0-shard-00-02-7c0ng.mongodb.net:27017] INFO org.mongodb.driver.connection - Opened connection [connectionId{localValue:12, serverValue:67848}] to cluster0-shard-00-02-7c0ng.mongodb.net:27017
12:26:35.610 [cluster-ClusterId{value=&apos;5f1e3b5af3091d37f6411013&apos;, description=&apos;null&apos;}-cluster0-shard-00-00-7c0ng.mongodb.net:27017] INFO org.mongodb.driver.connection - Opened connection [connectionId{localValue:10, serverValue:71159}] to cluster0-shard-00-00-7c0ng.mongodb.net:27017
12:26:35.611 [cluster-ClusterId{value=&apos;5f1e3b5af3091d37f6411013&apos;, description=&apos;null&apos;}-cluster0-shard-00-02-7c0ng.mongodb.net:27017] DEBUG org.mongodb.driver.cluster - Checking status of cluster0-shard-00-02-7c0ng.mongodb.net:27017
12:26:35.610 [cluster-ClusterId{value=&apos;5f1e3b5af3091d37f6411014&apos;, description=&apos;null&apos;}-cluster0-shard-00-00-7c0ng.mongodb.net:27017] INFO org.mongodb.driver.connection - Opened connection [connectionId{localValue:13, serverValue:68236}] to cluster0-shard-00-00-7c0ng.mongodb.net:27017
12:26:35.610 [cluster-ClusterId{value=&apos;5f1e3b5af3091d37f6411011&apos;, description=&apos;null&apos;}-cluster0-shard-00-01-7c0ng.mongodb.net:27017] INFO org.mongodb.driver.connection - Opened connection [connectionId{localValue:5, serverValue:23775}] to cluster0-shard-00-01-7c0ng.mongodb.net:27017
12:26:35.610 [cluster-ClusterId{value=&apos;5f1e3b5af3091d37f6411010&apos;, description=&apos;null&apos;}-cluster0-shard-00-01-7c0ng.mongodb.net:27017] DEBUG org.mongodb.driver.cluster - Checking status of cluster0-shard-00-01-7c0ng.mongodb.net:27017
12:26:35.611 [cluster-ClusterId{value=&apos;5f1e3b5af3091d37f6411011&apos;, description=&apos;null&apos;}-cluster0-shard-00-01-7c0ng.mongodb.net:27017] DEBUG org.mongodb.driver.cluster - Checking status of cluster0-shard-00-01-7c0ng.mongodb.net:27017
12:26:35.610 [cluster-ClusterId{value=&apos;5f1e3b5bf3091d37f6411016&apos;, description=&apos;null&apos;}-cluster0-shard-00-02-7c0ng.mongodb.net:27017] INFO org.mongodb.driver.connection - Opened connection [connectionId{localValue:21, serverValue:65577}] to cluster0-shard-00-02-7c0ng.mongodb.net:27017
12:26:35.611 [cluster-ClusterId{value=&apos;5f1e3b5af3091d37f6411011&apos;, description=&apos;null&apos;}-cluster0-shard-00-00-7c0ng.mongodb.net:27017] INFO org.mongodb.driver.connection - Opened connection [connectionId{localValue:4, serverValue:69302}] to cluster0-shard-00-00-7c0ng.mongodb.net:27017
12:26:35.611 [cluster-ClusterId{value=&apos;5f1e3b5bf3091d37f6411016&apos;, description=&apos;null&apos;}-cluster0-shard-00-02-7c0ng.mongodb.net:27017] DEBUG org.mongodb.driver.cluster - Checking status of cluster0-shard-00-02-7c0ng.mongodb.net:27017
12:26:35.610 [cluster-ClusterId{value=&apos;5f1e3b5af3091d37f6411010&apos;, description=&apos;null&apos;}-cluster0-shard-00-02-7c0ng.mongodb.net:27017] DEBUG org.mongodb.driver.cluster - Checking status of cluster0-shard-00-02-7c0ng.mongodb.net:27017
12:26:35.610 [cluster-ClusterId{value=&apos;5f1e3b5af3091d37f6411015&apos;, description=&apos;null&apos;}-cluster0-shard-00-00-7c0ng.mongodb.net:27017] INFO org.mongodb.driver.connection - Opened connection [connectionId{localValue:16, serverValue:64407}] to cluster0-shard-00-00-7c0ng.mongodb.net:27017
12:26:35.611 [cluster-ClusterId{value=&apos;5f1e3b5af3091d37f6411011&apos;, description=&apos;null&apos;}-cluster0-shard-00-02-7c0ng.mongodb.net:27017] INFO org.mongodb.driver.connection - Opened connection [connectionId{localValue:6, serverValue:67848}] to cluster0-shard-00-02-7c0ng.mongodb.net:27017
12:26:35.612 [cluster-ClusterId{value=&apos;5f1e3b5af3091d37f6411015&apos;, description=&apos;null&apos;}-cluster0-shard-00-00-7c0ng.mongodb.net:27017] DEBUG org.mongodb.driver.cluster - Checking status of cluster0-shard-00-00-7c0ng.mongodb.net:27017
12:26:35.611 [cluster-ClusterId{value=&apos;5f1e3b5af3091d37f6411014&apos;, description=&apos;null&apos;}-cluster0-shard-00-02-7c0ng.mongodb.net:27017] DEBUG org.mongodb.driver.cluster - Checking status of cluster0-shard-00-02-7c0ng.mongodb.net:27017
12:26:35.611 [cluster-ClusterId{value=&apos;5f1e3b5af3091d37f6411015&apos;, description=&apos;null&apos;}-cluster0-shard-00-02-7c0ng.mongodb.net:27017] INFO org.mongodb.driver.connection - Opened connection [connectionId{localValue:18, serverValue:66667}] to cluster0-shard-00-02-7c0ng.mongodb.net:27017
12:26:35.612 [cluster-ClusterId{value=&apos;5f1e3b5af3091d37f6411015&apos;, description=&apos;null&apos;}-cluster0-shard-00-02-7c0ng.mongodb.net:27017] DEBUG org.mongodb.driver.cluster - Checking status of cluster0-shard-00-02-7c0ng.mongodb.net:27017
12:26:35.611 [cluster-ClusterId{value=&apos;5f1e3b5bf3091d37f6411016&apos;, description=&apos;null&apos;}-cluster0-shard-00-01-7c0ng.mongodb.net:27017] DEBUG org.mongodb.driver.cluster - Checking status of cluster0-shard-00-01-7c0ng.mongodb.net:27017
12:26:35.611 [cluster-ClusterId{value=&apos;5f1e3b5af3091d37f6411014&apos;, description=&apos;null&apos;}-cluster0-shard-00-01-7c0ng.mongodb.net:27017] INFO org.mongodb.driver.connection - Opened connection [connectionId{localValue:14, serverValue:67039}] to cluster0-shard-00-01-7c0ng.mongodb.net:27017
12:26:35.611 [cluster-ClusterId{value=&apos;5f1e3b5af3091d37f6411012&apos;, description=&apos;null&apos;}-cluster0-shard-00-00-7c0ng.mongodb.net:27017] INFO org.mongodb.driver.connection - Opened connection [connectionId{localValue:7, serverValue:69301}] to cluster0-shard-00-00-7c0ng.mongodb.net:27017
12:26:35.611 [cluster-ClusterId{value=&apos;5f1e3b5af3091d37f6411012&apos;, description=&apos;null&apos;}-cluster0-shard-00-02-7c0ng.mongodb.net:27017] INFO org.mongodb.driver.connection - Opened connection [connectionId{localValue:9, serverValue:66667}] to cluster0-shard-00-02-7c0ng.mongodb.net:27017
12:26:35.611 [cluster-ClusterId{value=&apos;5f1e3b5af3091d37f6411015&apos;, description=&apos;null&apos;}-cluster0-shard-00-01-7c0ng.mongodb.net:27017] INFO org.mongodb.driver.connection - Opened connection [connectionId{localValue:17, serverValue:65036}] to cluster0-shard-00-01-7c0ng.mongodb.net:27017
12:26:35.611 [cluster-ClusterId{value=&apos;5f1e3b5af3091d37f6411013&apos;, description=&apos;null&apos;}-cluster0-shard-00-00-7c0ng.mongodb.net:27017] DEBUG org.mongodb.driver.cluster - Checking status of cluster0-shard-00-00-7c0ng.mongodb.net:27017
12:26:35.611 [cluster-ClusterId{value=&apos;5f1e3b5af3091d37f6411013&apos;, description=&apos;null&apos;}-cluster0-shard-00-01-7c0ng.mongodb.net:27017] INFO org.mongodb.driver.connection - Opened connection [connectionId{localValue:11, serverValue:53446}] to cluster0-shard-00-01-7c0ng.mongodb.net:27017
12:26:35.611 [cluster-ClusterId{value=&apos;5f1e3b5af3091d37f6411014&apos;, description=&apos;null&apos;}-cluster0-shard-00-00-7c0ng.mongodb.net:27017] DEBUG org.mongodb.driver.cluster - Checking status of cluster0-shard-00-00-7c0ng.mongodb.net:27017
12:26:35.611 [cluster-ClusterId{value=&apos;5f1e3b5af3091d37f6411010&apos;, description=&apos;null&apos;}-cluster0-shard-00-00-7c0ng.mongodb.net:27017] INFO org.mongodb.driver.connection - Opened connection [connectionId{localValue:1, serverValue:69301}] to cluster0-shard-00-00-7c0ng.mongodb.net:27017
12:26:35.611 [cluster-ClusterId{value=&apos;5f1e3b5af3091d37f6411011&apos;, description=&apos;null&apos;}-cluster0-shard-00-00-7c0ng.mongodb.net:27017] DEBUG org.mongodb.driver.cluster - Checking status of cluster0-shard-00-00-7c0ng.mongodb.net:27017
12:26:35.612 [cluster-ClusterId{value=&apos;5f1e3b5af3091d37f6411011&apos;, description=&apos;null&apos;}-cluster0-shard-00-02-7c0ng.mongodb.net:27017] DEBUG org.mongodb.driver.cluster - Checking status of cluster0-shard-00-02-7c0ng.mongodb.net:27017
12:26:35.612 [cluster-ClusterId{value=&apos;5f1e3b5af3091d37f6411014&apos;, description=&apos;null&apos;}-cluster0-shard-00-01-7c0ng.mongodb.net:27017] DEBUG org.mongodb.driver.cluster - Checking status of cluster0-shard-00-01-7c0ng.mongodb.net:27017
12:26:35.612 [cluster-ClusterId{value=&apos;5f1e3b5af3091d37f6411012&apos;, description=&apos;null&apos;}-cluster0-shard-00-00-7c0ng.mongodb.net:27017] DEBUG org.mongodb.driver.cluster - Checking status of cluster0-shard-00-00-7c0ng.mongodb.net:27017
12:26:35.612 [cluster-ClusterId{value=&apos;5f1e3b5af3091d37f6411012&apos;, description=&apos;null&apos;}-cluster0-shard-00-02-7c0ng.mongodb.net:27017] DEBUG org.mongodb.driver.cluster - Checking status of cluster0-shard-00-02-7c0ng.mongodb.net:27017
12:26:35.612 [cluster-ClusterId{value=&apos;5f1e3b5af3091d37f6411015&apos;, description=&apos;null&apos;}-cluster0-shard-00-01-7c0ng.mongodb.net:27017] DEBUG org.mongodb.driver.cluster - Checking status of cluster0-shard-00-01-7c0ng.mongodb.net:27017
12:26:35.613 [cluster-ClusterId{value=&apos;5f1e3b5af3091d37f6411013&apos;, description=&apos;null&apos;}-cluster0-shard-00-01-7c0ng.mongodb.net:27017] DEBUG org.mongodb.driver.cluster - Checking status of cluster0-shard-00-01-7c0ng.mongodb.net:27017
12:26:35.613 [cluster-ClusterId{value=&apos;5f1e3b5af3091d37f6411010&apos;, description=&apos;null&apos;}-cluster0-shard-00-00-7c0ng.mongodb.net:27017] DEBUG org.mongodb.driver.cluster - Checking status of cluster0-shard-00-00-7c0ng.mongodb.net:27017
12:26:35.634 [cluster-ClusterId{value=&apos;5f1e3b5af3091d37f6411014&apos;, description=&apos;null&apos;}-cluster0-shard-00-01-7c0ng.mongodb.net:27017] DEBUG org.mongodb.driver.protocol.command - Sending command &apos;{&quot;ismaster&quot;: 1, &quot;$db&quot;: &quot;admin&quot;}&apos; with request id 58 to database admin on connection [connectionId{localValue:14, serverValue:67039}] to server cluster0-shard-00-01-7c0ng.mongodb.net:27017
12:26:35.635 [cluster-ClusterId{value=&apos;5f1e3b5af3091d37f6411011&apos;, description=&apos;null&apos;}-cluster0-shard-00-01-7c0ng.mongodb.net:27017] DEBUG org.mongodb.driver.protocol.command - Sending command &apos;{&quot;ismaster&quot;: 1, &quot;$db&quot;: &quot;admin&quot;}&apos; with request id 47 to database admin on connection [connectionId{localValue:5, serverValue:23775}] to server cluster0-shard-00-01-7c0ng.mongodb.net:27017
12:26:35.634 [cluster-ClusterId{value=&apos;5f1e3b5af3091d37f6411012&apos;, description=&apos;null&apos;}-cluster0-shard-00-02-7c0ng.mongodb.net:27017] DEBUG org.mongodb.driver.protocol.command - Sending command &apos;{&quot;ismaster&quot;: 1, &quot;$db&quot;: &quot;admin&quot;}&apos; with request id 60 to database admin on connection [connectionId{localValue:9, serverValue:66667}] to server cluster0-shard-00-02-7c0ng.mongodb.net:27017
12:26:35.634 [cluster-ClusterId{value=&apos;5f1e3b5af3091d37f6411013&apos;, description=&apos;null&apos;}-cluster0-shard-00-01-7c0ng.mongodb.net:27017] DEBUG org.mongodb.driver.protocol.command - Sending command &apos;{&quot;ismaster&quot;: 1, &quot;$db&quot;: &quot;admin&quot;}&apos; with request id 62 to database admin on connection [connectionId{localValue:11, serverValue:53446}] to server cluster0-shard-00-01-7c0ng.mongodb.net:27017
12:26:35.634 [cluster-ClusterId{value=&apos;5f1e3b5af3091d37f6411015&apos;, description=&apos;null&apos;}-cluster0-shard-00-00-7c0ng.mongodb.net:27017] DEBUG org.mongodb.driver.protocol.command - Sending command &apos;{&quot;ismaster&quot;: 1, &quot;$db&quot;: &quot;admin&quot;}&apos; with request id 49 to database admin on connection [connectionId{localValue:16, serverValue:64407}] to server cluster0-shard-00-00-7c0ng.mongodb.net:27017
12:26:35.635 [cluster-ClusterId{value=&apos;5f1e3b5af3091d37f6411010&apos;, description=&apos;null&apos;}-cluster0-shard-00-01-7c0ng.mongodb.net:27017] DEBUG org.mongodb.driver.protocol.command - Sending command &apos;{&quot;ismaster&quot;: 1, &quot;$db&quot;: &quot;admin&quot;}&apos; with request id 44 to database admin on connection [connectionId{localValue:3, serverValue:65036}] to server cluster0-shard-00-01-7c0ng.mongodb.net:27017
12:26:35.634 [cluster-ClusterId{value=&apos;5f1e3b5af3091d37f6411013&apos;, description=&apos;null&apos;}-cluster0-shard-00-00-7c0ng.mongodb.net:27017] DEBUG org.mongodb.driver.protocol.command - Sending command &apos;{&quot;ismaster&quot;: 1, &quot;$db&quot;: &quot;admin&quot;}&apos; with request id 54 to database admin on connection [connectionId{localValue:10, serverValue:71159}] to server cluster0-shard-00-00-7c0ng.mongodb.net:27017
12:26:35.635 [cluster-ClusterId{value=&apos;5f1e3b5af3091d37f6411013&apos;, description=&apos;null&apos;}-cluster0-shard-00-02-7c0ng.mongodb.net:27017] DEBUG org.mongodb.driver.protocol.command - Sending command &apos;{&quot;ismaster&quot;: 1, &quot;$db&quot;: &quot;admin&quot;}&apos; with request id 46 to database admin on connection [connectionId{localValue:12, serverValue:67848}] to server cluster0-shard-00-02-7c0ng.mongodb.net:27017
12:26:35.634 [cluster-ClusterId{value=&apos;5f1e3b5bf3091d37f6411016&apos;, description=&apos;null&apos;}-cluster0-shard-00-02-7c0ng.mongodb.net:27017] DEBUG org.mongodb.driver.protocol.command - Sending command &apos;{&quot;ismaster&quot;: 1, &quot;$db&quot;: &quot;admin&quot;}&apos; with request id 43 to database admin on connection [connectionId{localValue:21, serverValue:65577}] to server cluster0-shard-00-02-7c0ng.mongodb.net:27017
12:26:35.635 [cluster-ClusterId{value=&apos;5f1e3b5af3091d37f6411015&apos;, description=&apos;null&apos;}-cluster0-shard-00-02-7c0ng.mongodb.net:27017] DEBUG org.mongodb.driver.protocol.command - Sending command &apos;{&quot;ismaster&quot;: 1, &quot;$db&quot;: &quot;admin&quot;}&apos; with request id 52 to database admin on connection [connectionId{localValue:18, serverValue:66667}] to server cluster0-shard-00-02-7c0ng.mongodb.net:27017
12:26:35.635 [cluster-ClusterId{value=&apos;5f1e3b5af3091d37f6411011&apos;, description=&apos;null&apos;}-cluster0-shard-00-02-7c0ng.mongodb.net:27017] DEBUG org.mongodb.driver.protocol.command - Sending command &apos;{&quot;ismaster&quot;: 1, &quot;$db&quot;: &quot;admin&quot;}&apos; with request id 57 to database admin on connection [connectionId{localValue:6, serverValue:67848}] to server cluster0-shard-00-02-7c0ng.mongodb.net:27017
12:26:35.635 [cluster-ClusterId{value=&apos;5f1e3b5af3091d37f6411012&apos;, description=&apos;null&apos;}-cluster0-shard-00-01-7c0ng.mongodb.net:27017] DEBUG org.mongodb.driver.protocol.command - Sending command &apos;{&quot;ismaster&quot;: 1, &quot;$db&quot;: &quot;admin&quot;}&apos; with request id 50 to database admin on connection [connectionId{localValue:8, serverValue:76546}] to server cluster0-shard-00-01-7c0ng.mongodb.net:27017
12:26:35.635 [cluster-ClusterId{value=&apos;5f1e3b5bf3091d37f6411016&apos;, description=&apos;null&apos;}-cluster0-shard-00-00-7c0ng.mongodb.net:27017] DEBUG org.mongodb.driver.protocol.command - Sending command &apos;{&quot;ismaster&quot;: 1, &quot;$db&quot;: &quot;admin&quot;}&apos; with request id 45 to database admin on connection [connectionId{localValue:19, serverValue:69074}] to server cluster0-shard-00-00-7c0ng.mongodb.net:27017
12:26:35.634 [cluster-ClusterId{value=&apos;5f1e3b5af3091d37f6411012&apos;, description=&apos;null&apos;}-cluster0-shard-00-00-7c0ng.mongodb.net:27017] DEBUG org.mongodb.driver.protocol.command - Sending command &apos;{&quot;ismaster&quot;: 1, &quot;$db&quot;: &quot;admin&quot;}&apos; with request id 59 to database admin on connection [connectionId{localValue:7, serverValue:69301}] to server cluster0-shard-00-00-7c0ng.mongodb.net:27017
12:26:35.635 [cluster-ClusterId{value=&apos;5f1e3b5bf3091d37f6411016&apos;, description=&apos;null&apos;}-cluster0-shard-00-01-7c0ng.mongodb.net:27017] DEBUG org.mongodb.driver.protocol.command - Sending command &apos;{&quot;ismaster&quot;: 1, &quot;$db&quot;: &quot;admin&quot;}&apos; with request id 53 to database admin on connection [connectionId{localValue:20, serverValue:53446}] to server cluster0-shard-00-01-7c0ng.mongodb.net:27017
12:26:35.634 [cluster-ClusterId{value=&apos;5f1e3b5af3091d37f6411014&apos;, description=&apos;null&apos;}-cluster0-shard-00-00-7c0ng.mongodb.net:27017] DEBUG org.mongodb.driver.protocol.command - Sending command &apos;{&quot;ismaster&quot;: 1, &quot;$db&quot;: &quot;admin&quot;}&apos; with request id 55 to database admin on connection [connectionId{localValue:13, serverValue:68236}] to server cluster0-shard-00-00-7c0ng.mongodb.net:27017
12:26:35.634 [cluster-ClusterId{value=&apos;5f1e3b5af3091d37f6411014&apos;, description=&apos;null&apos;}-cluster0-shard-00-02-7c0ng.mongodb.net:27017] DEBUG org.mongodb.driver.protocol.command - Sending command &apos;{&quot;ismaster&quot;: 1, &quot;$db&quot;: &quot;admin&quot;}&apos; with request id 51 to database admin on connection [connectionId{localValue:15, serverValue:65577}] to server cluster0-shard-00-02-7c0ng.mongodb.net:27017
12:26:35.635 [cluster-ClusterId{value=&apos;5f1e3b5af3091d37f6411011&apos;, description=&apos;null&apos;}-cluster0-shard-00-00-7c0ng.mongodb.net:27017] DEBUG org.mongodb.driver.protocol.command - Sending command &apos;{&quot;ismaster&quot;: 1, &quot;$db&quot;: &quot;admin&quot;}&apos; with request id 56 to database admin on connection [connectionId{localValue:4, serverValue:69302}] to server cluster0-shard-00-00-7c0ng.mongodb.net:27017
12:26:35.635 [cluster-ClusterId{value=&apos;5f1e3b5af3091d37f6411010&apos;, description=&apos;null&apos;}-cluster0-shard-00-00-7c0ng.mongodb.net:27017] DEBUG org.mongodb.driver.protocol.command - Sending command &apos;{&quot;ismaster&quot;: 1, &quot;$db&quot;: &quot;admin&quot;}&apos; with request id 63 to database admin on connection [connectionId{localValue:1, serverValue:69301}] to server cluster0-shard-00-00-7c0ng.mongodb.net:27017
12:26:35.635 [cluster-ClusterId{value=&apos;5f1e3b5af3091d37f6411010&apos;, description=&apos;null&apos;}-cluster0-shard-00-02-7c0ng.mongodb.net:27017] DEBUG org.mongodb.driver.protocol.command - Sending command &apos;{&quot;ismaster&quot;: 1, &quot;$db&quot;: &quot;admin&quot;}&apos; with request id 48 to database admin on connection [connectionId{localValue:2, serverValue:69381}] to server cluster0-shard-00-02-7c0ng.mongodb.net:27017
12:26:35.635 [cluster-ClusterId{value=&apos;5f1e3b5af3091d37f6411015&apos;, description=&apos;null&apos;}-cluster0-shard-00-01-7c0ng.mongodb.net:27017] DEBUG org.mongodb.driver.protocol.command - Sending command &apos;{&quot;ismaster&quot;: 1, &quot;$db&quot;: &quot;admin&quot;}&apos; with request id 61 to database admin on connection [connectionId{localValue:17, serverValue:65036}] to server cluster0-shard-00-01-7c0ng.mongodb.net:27017
12:26:35.641 [cluster-ClusterId{value=&apos;5f1e3b5af3091d37f6411012&apos;, description=&apos;null&apos;}-cluster0-shard-00-01-7c0ng.mongodb.net:27017] DEBUG org.mongodb.driver.protocol.command - Execution of command with request id 50 completed successfully in 25.55 ms on connection [connectionId{localValue:8, serverValue:76546}] to server cluster0-shard-00-01-7c0ng.mongodb.net:27017
12:26:35.641 [cluster-ClusterId{value=&apos;5f1e3b5af3091d37f6411013&apos;, description=&apos;null&apos;}-cluster0-shard-00-01-7c0ng.mongodb.net:27017] DEBUG org.mongodb.driver.protocol.command - Execution of command with request id 62 completed successfully in 25.37 ms on connection [connectionId{localValue:11, serverValue:53446}] to server cluster0-shard-00-01-7c0ng.mongodb.net:27017
12:26:35.641 [cluster-ClusterId{value=&apos;5f1e3b5af3091d37f6411014&apos;, description=&apos;null&apos;}-cluster0-shard-00-01-7c0ng.mongodb.net:27017] DEBUG org.mongodb.driver.protocol.command - Execution of command with request id 58 completed successfully in 24.82 ms on connection [connectionId{localValue:14, serverValue:67039}] to server cluster0-shard-00-01-7c0ng.mongodb.net:27017
12:26:35.641 [cluster-ClusterId{value=&apos;5f1e3b5af3091d37f6411010&apos;, description=&apos;null&apos;}-cluster0-shard-00-01-7c0ng.mongodb.net:27017] DEBUG org.mongodb.driver.protocol.command - Execution of command with request id 44 completed successfully in 25.69 ms on connection [connectionId{localValue:3, serverValue:65036}] to server cluster0-shard-00-01-7c0ng.mongodb.net:27017
12:26:35.641 [cluster-ClusterId{value=&apos;5f1e3b5af3091d37f6411011&apos;, description=&apos;null&apos;}-cluster0-shard-00-01-7c0ng.mongodb.net:27017] DEBUG org.mongodb.driver.protocol.command - Execution of command with request id 47 completed successfully in 24.72 ms on connection [connectionId{localValue:5, serverValue:23775}] to server cluster0-shard-00-01-7c0ng.mongodb.net:27017
12:26:35.642 [cluster-ClusterId{value=&apos;5f1e3b5af3091d37f6411015&apos;, description=&apos;null&apos;}-cluster0-shard-00-01-7c0ng.mongodb.net:27017] DEBUG org.mongodb.driver.protocol.command - Execution of command with request id 61 completed successfully in 26.44 ms on connection [connectionId{localValue:17, serverValue:65036}] to server cluster0-shard-00-01-7c0ng.mongodb.net:27017
12:26:35.641 [cluster-ClusterId{value=&apos;5f1e3b5bf3091d37f6411016&apos;, description=&apos;null&apos;}-cluster0-shard-00-01-7c0ng.mongodb.net:27017] DEBUG org.mongodb.driver.protocol.command - Execution of command with request id 53 completed successfully in 26.04 ms on connection [connectionId{localValue:20, serverValue:53446}] to server cluster0-shard-00-01-7c0ng.mongodb.net:27017
12:26:35.643 [cluster-ClusterId{value=&apos;5f1e3b5bf3091d37f6411016&apos;, description=&apos;null&apos;}-cluster0-shard-00-00-7c0ng.mongodb.net:27017] DEBUG org.mongodb.driver.protocol.command - Execution of command with request id 45 completed successfully in 27.72 ms on connection [connectionId{localValue:19, serverValue:69074}] to server cluster0-shard-00-00-7c0ng.mongodb.net:27017
12:26:35.643 [cluster-ClusterId{value=&apos;5f1e3b5af3091d37f6411011&apos;, description=&apos;null&apos;}-cluster0-shard-00-02-7c0ng.mongodb.net:27017] DEBUG org.mongodb.driver.protocol.command - Execution of command with request id 57 completed successfully in 28.01 ms on connection [connectionId{localValue:6, serverValue:67848}] to server cluster0-shard-00-02-7c0ng.mongodb.net:27017
12:26:35.643 [cluster-ClusterId{value=&apos;5f1e3b5af3091d37f6411014&apos;, description=&apos;null&apos;}-cluster0-shard-00-02-7c0ng.mongodb.net:27017] DEBUG org.mongodb.driver.protocol.command - Execution of command with request id 51 completed successfully in 28.07 ms on connection [connectionId{localValue:15, serverValue:65577}] to server cluster0-shard-00-02-7c0ng.mongodb.net:27017
12:26:35.643 [cluster-ClusterId{value=&apos;5f1e3b5af3091d37f6411011&apos;, description=&apos;null&apos;}-cluster0-shard-00-00-7c0ng.mongodb.net:27017] DEBUG org.mongodb.driver.protocol.command - Execution of command with request id 56 completed successfully in 28.36 ms on connection [connectionId{localValue:4, serverValue:69302}] to server cluster0-shard-00-00-7c0ng.mongodb.net:27017
12:26:35.644 [cluster-ClusterId{value=&apos;5f1e3b5af3091d37f6411015&apos;, description=&apos;null&apos;}-cluster0-shard-00-01-7c0ng.mongodb.net:27017] DEBUG org.mongodb.driver.connection - Closing connection connectionId{localValue:17, serverValue:65036}
12:26:35.644 [cluster-ClusterId{value=&apos;5f1e3b5af3091d37f6411013&apos;, description=&apos;null&apos;}-cluster0-shard-00-00-7c0ng.mongodb.net:27017] DEBUG org.mongodb.driver.protocol.command - Execution of command with request id 54 completed successfully in 28.51 ms on connection [connectionId{localValue:10, serverValue:71159}] to server cluster0-shard-00-00-7c0ng.mongodb.net:27017
12:26:35.644 [cluster-ClusterId{value=&apos;5f1e3b5af3091d37f6411011&apos;, description=&apos;null&apos;}-cluster0-shard-00-02-7c0ng.mongodb.net:27017] DEBUG org.mongodb.driver.connection - Closing connection connectionId{localValue:6, serverValue:67848}
12:26:35.644 [cluster-ClusterId{value=&apos;5f1e3b5af3091d37f6411013&apos;, description=&apos;null&apos;}-cluster0-shard-00-01-7c0ng.mongodb.net:27017] DEBUG org.mongodb.driver.connection - Closing connection connectionId{localValue:11, serverValue:53446}
12:26:35.644 [cluster-ClusterId{value=&apos;5f1e3b5af3091d37f6411011&apos;, description=&apos;null&apos;}-cluster0-shard-00-00-7c0ng.mongodb.net:27017] DEBUG org.mongodb.driver.connection - Closing connection connectionId{localValue:4, serverValue:69302}
12:26:35.644 [cluster-ClusterId{value=&apos;5f1e3b5af3091d37f6411015&apos;, description=&apos;null&apos;}-cluster0-shard-00-00-7c0ng.mongodb.net:27017] DEBUG org.mongodb.driver.protocol.command - Execution of command with request id 49 completed successfully in 28.87 ms on connection [connectionId{localValue:16, serverValue:64407}] to server cluster0-shard-00-00-7c0ng.mongodb.net:27017
12:26:35.644 [cluster-ClusterId{value=&apos;5f1e3b5af3091d37f6411013&apos;, description=&apos;null&apos;}-cluster0-shard-00-00-7c0ng.mongodb.net:27017] DEBUG org.mongodb.driver.connection - Closing connection connectionId{localValue:10, serverValue:71159}
12:26:35.644 [cluster-ClusterId{value=&apos;5f1e3b5af3091d37f6411014&apos;, description=&apos;null&apos;}-cluster0-shard-00-00-7c0ng.mongodb.net:27017] DEBUG org.mongodb.driver.protocol.command - Execution of command with request id 55 completed successfully in 29.19 ms on connection [connectionId{localValue:13, serverValue:68236}] to server cluster0-shard-00-00-7c0ng.mongodb.net:27017
12:26:35.643 [cluster-ClusterId{value=&apos;5f1e3b5af3091d37f6411010&apos;, description=&apos;null&apos;}-cluster0-shard-00-00-7c0ng.mongodb.net:27017] DEBUG org.mongodb.driver.protocol.command - Execution of command with request id 63 completed successfully in 27.78 ms on connection [connectionId{localValue:1, serverValue:69301}] to server cluster0-shard-00-00-7c0ng.mongodb.net:27017
12:26:35.643 [cluster-ClusterId{value=&apos;5f1e3b5bf3091d37f6411016&apos;, description=&apos;null&apos;}-cluster0-shard-00-02-7c0ng.mongodb.net:27017] DEBUG org.mongodb.driver.protocol.command - Execution of command with request id 43 completed successfully in 27.96 ms on connection [connectionId{localValue:21, serverValue:65577}] to server cluster0-shard-00-02-7c0ng.mongodb.net:27017
12:26:35.643 [cluster-ClusterId{value=&apos;5f1e3b5af3091d37f6411010&apos;, description=&apos;null&apos;}-cluster0-shard-00-02-7c0ng.mongodb.net:27017] DEBUG org.mongodb.driver.protocol.command - Execution of command with request id 48 completed successfully in 27.92 ms on connection [connectionId{localValue:2, serverValue:69381}] to server cluster0-shard-00-02-7c0ng.mongodb.net:27017
12:26:35.644 [cluster-ClusterId{value=&apos;5f1e3b5af3091d37f6411013&apos;, description=&apos;null&apos;}-cluster0-shard-00-02-7c0ng.mongodb.net:27017] DEBUG org.mongodb.driver.protocol.command - Execution of command with request id 46 completed successfully in 28.69 ms on connection [connectionId{localValue:12, serverValue:67848}] to server cluster0-shard-00-02-7c0ng.mongodb.net:27017
12:26:35.644 [cluster-ClusterId{value=&apos;5f1e3b5af3091d37f6411011&apos;, description=&apos;null&apos;}-cluster0-shard-00-01-7c0ng.mongodb.net:27017] DEBUG org.mongodb.driver.connection - Closing connection connectionId{localValue:5, serverValue:23775}
12:26:35.644 [cluster-ClusterId{value=&apos;5f1e3b5af3091d37f6411012&apos;, description=&apos;null&apos;}-cluster0-shard-00-00-7c0ng.mongodb.net:27017] DEBUG org.mongodb.driver.protocol.command - Execution of command with request id 59 completed successfully in 29.10 ms on connection [connectionId{localValue:7, serverValue:69301}] to server cluster0-shard-00-00-7c0ng.mongodb.net:27017
12:26:35.645 [cluster-ClusterId{value=&apos;5f1e3b5af3091d37f6411015&apos;, description=&apos;null&apos;}-cluster0-shard-00-00-7c0ng.mongodb.net:27017] DEBUG org.mongodb.driver.connection - Closing connection connectionId{localValue:16, serverValue:64407}
12:26:35.645 [cluster-ClusterId{value=&apos;5f1e3b5af3091d37f6411015&apos;, description=&apos;null&apos;}-cluster0-shard-00-02-7c0ng.mongodb.net:27017] DEBUG org.mongodb.driver.protocol.command - Execution of command with request id 52 completed successfully in 29.66 ms on connection [connectionId{localValue:18, serverValue:66667}] to server cluster0-shard-00-02-7c0ng.mongodb.net:27017
12:26:35.645 [cluster-ClusterId{value=&apos;5f1e3b5af3091d37f6411012&apos;, description=&apos;null&apos;}-cluster0-shard-00-02-7c0ng.mongodb.net:27017] DEBUG org.mongodb.driver.protocol.command - Execution of command with request id 60 completed successfully in 29.99 ms on connection [connectionId{localValue:9, serverValue:66667}] to server cluster0-shard-00-02-7c0ng.mongodb.net:27017
12:26:35.646 [cluster-ClusterId{value=&apos;5f1e3b5af3091d37f6411013&apos;, description=&apos;null&apos;}-cluster0-shard-00-02-7c0ng.mongodb.net:27017] DEBUG org.mongodb.driver.connection - Closing connection connectionId{localValue:12, serverValue:67848}
12:26:35.646 [cluster-ClusterId{value=&apos;5f1e3b5af3091d37f6411015&apos;, description=&apos;null&apos;}-cluster0-shard-00-02-7c0ng.mongodb.net:27017] DEBUG org.mongodb.driver.connection - Closing connection connectionId{localValue:18, serverValue:66667}
12:26:35.649 [cluster-ClusterId{value=&apos;5f1e3b5af3091d37f6411012&apos;, description=&apos;null&apos;}-cluster0-shard-00-02-7c0ng.mongodb.net:27017] INFO org.mongodb.driver.cluster - Monitor thread successfully connected to server with description ServerDescription{address=cluster0-shard-00-02-7c0ng.mongodb.net:27017, type=REPLICA_SET_SECONDARY, state=CONNECTED, ok=true, version=ServerVersion{versionList=[4, 2, 8]}, minWireVersion=0, maxWireVersion=8, maxDocumentSize=16777216, logicalSessionTimeoutMinutes=30, roundTripTimeNanos=33000400, setName=&apos;Cluster0-shard-0&apos;, canonicalAddress=cluster0-shard-00-02-7c0ng.mongodb.net:27017, hosts=[cluster0-shard-00-01-7c0ng.mongodb.net:27017, cluster0-shard-00-02-7c0ng.mongodb.net:27017, cluster0-shard-00-00-7c0ng.mongodb.net:27017], passives=[], arbiters=[], primary=&apos;cluster0-shard-00-01-7c0ng.mongodb.net:27017&apos;, tagSet=TagSet{[Tag{name=&apos;nodeType&apos;, value=&apos;ELECTABLE&apos;}, Tag{name=&apos;provider&apos;, value=&apos;AWS&apos;}, Tag{name=&apos;region&apos;, value=&apos;AP_SOUTHEAST_2&apos;}]}, electionId=null, setVersion=3, lastWriteDate=Mon Jul 27 12:26:32 AEST 2020, lastUpdateTimeNanos=6076292415900}
12:26:35.649 [cluster-ClusterId{value=&apos;5f1e3b5af3091d37f6411014&apos;, description=&apos;null&apos;}-cluster0-shard-00-02-7c0ng.mongodb.net:27017] INFO org.mongodb.driver.cluster - Monitor thread successfully connected to server with description ServerDescription{address=cluster0-shard-00-02-7c0ng.mongodb.net:27017, type=REPLICA_SET_SECONDARY, state=CONNECTED, ok=true, version=ServerVersion{versionList=[4, 2, 8]}, minWireVersion=0, maxWireVersion=8, maxDocumentSize=16777216, logicalSessionTimeoutMinutes=30, roundTripTimeNanos=32638800, setName=&apos;Cluster0-shard-0&apos;, canonicalAddress=cluster0-shard-00-02-7c0ng.mongodb.net:27017, hosts=[cluster0-shard-00-01-7c0ng.mongodb.net:27017, cluster0-shard-00-02-7c0ng.mongodb.net:27017, cluster0-shard-00-00-7c0ng.mongodb.net:27017], passives=[], arbiters=[], primary=&apos;cluster0-shard-00-01-7c0ng.mongodb.net:27017&apos;, tagSet=TagSet{[Tag{name=&apos;nodeType&apos;, value=&apos;ELECTABLE&apos;}, Tag{name=&apos;provider&apos;, value=&apos;AWS&apos;}, Tag{name=&apos;region&apos;, value=&apos;AP_SOUTHEAST_2&apos;}]}, electionId=null, setVersion=3, lastWriteDate=Mon Jul 27 12:26:32 AEST 2020, lastUpdateTimeNanos=6076290976100}
12:26:35.649 [cluster-ClusterId{value=&apos;5f1e3b5af3091d37f6411012&apos;, description=&apos;null&apos;}-cluster0-shard-00-01-7c0ng.mongodb.net:27017] INFO org.mongodb.driver.cluster - Monitor thread successfully connected to server with description ServerDescription{address=cluster0-shard-00-01-7c0ng.mongodb.net:27017, type=REPLICA_SET_PRIMARY, state=CONNECTED, ok=true, version=ServerVersion{versionList=[4, 2, 8]}, minWireVersion=0, maxWireVersion=8, maxDocumentSize=16777216, logicalSessionTimeoutMinutes=30, roundTripTimeNanos=30775500, setName=&apos;Cluster0-shard-0&apos;, canonicalAddress=cluster0-shard-00-01-7c0ng.mongodb.net:27017, hosts=[cluster0-shard-00-01-7c0ng.mongodb.net:27017, cluster0-shard-00-02-7c0ng.mongodb.net:27017, cluster0-shard-00-00-7c0ng.mongodb.net:27017], passives=[], arbiters=[], primary=&apos;cluster0-shard-00-01-7c0ng.mongodb.net:27017&apos;, tagSet=TagSet{[Tag{name=&apos;nodeType&apos;, value=&apos;ELECTABLE&apos;}, Tag{name=&apos;provider&apos;, value=&apos;AWS&apos;}, Tag{name=&apos;region&apos;, value=&apos;AP_SOUTHEAST_2&apos;}]}, electionId=7fffffff0000000000000009, setVersion=3, lastWriteDate=Mon Jul 27 12:26:32 AEST 2020, lastUpdateTimeNanos=6076288665000}
12:26:35.649 [cluster-ClusterId{value=&apos;5f1e3b5af3091d37f6411014&apos;, description=&apos;null&apos;}-cluster0-shard-00-01-7c0ng.mongodb.net:27017] INFO org.mongodb.driver.cluster - Monitor thread successfully connected to server with description ServerDescription{address=cluster0-shard-00-01-7c0ng.mongodb.net:27017, type=REPLICA_SET_PRIMARY, state=CONNECTED, ok=true, version=ServerVersion{versionList=[4, 2, 8]}, minWireVersion=0, maxWireVersion=8, maxDocumentSize=16777216, logicalSessionTimeoutMinutes=30, roundTripTimeNanos=28978600, setName=&apos;Cluster0-shard-0&apos;, canonicalAddress=cluster0-shard-00-01-7c0ng.mongodb.net:27017, hosts=[cluster0-shard-00-01-7c0ng.mongodb.net:27017, cluster0-shard-00-02-7c0ng.mongodb.net:27017, cluster0-shard-00-00-7c0ng.mongodb.net:27017], passives=[], arbiters=[], primary=&apos;cluster0-shard-00-01-7c0ng.mongodb.net:27017&apos;, tagSet=TagSet{[Tag{name=&apos;nodeType&apos;, value=&apos;ELECTABLE&apos;}, Tag{name=&apos;provider&apos;, value=&apos;AWS&apos;}, Tag{name=&apos;region&apos;, value=&apos;AP_SOUTHEAST_2&apos;}]}, electionId=7fffffff0000000000000009, setVersion=3, lastWriteDate=Mon Jul 27 12:26:32 AEST 2020, lastUpdateTimeNanos=6076290256800}
12:26:35.649 [cluster-ClusterId{value=&apos;5f1e3b5bf3091d37f6411016&apos;, description=&apos;null&apos;}-cluster0-shard-00-02-7c0ng.mongodb.net:27017] INFO org.mongodb.driver.cluster - Monitor thread successfully connected to server with description ServerDescription{address=cluster0-shard-00-02-7c0ng.mongodb.net:27017, type=REPLICA_SET_SECONDARY, state=CONNECTED, ok=true, version=ServerVersion{versionList=[4, 2, 8]}, minWireVersion=0, maxWireVersion=8, maxDocumentSize=16777216, logicalSessionTimeoutMinutes=30, roundTripTimeNanos=33909900, setName=&apos;Cluster0-shard-0&apos;, canonicalAddress=cluster0-shard-00-02-7c0ng.mongodb.net:27017, hosts=[cluster0-shard-00-01-7c0ng.mongodb.net:27017, cluster0-shard-00-02-7c0ng.mongodb.net:27017, cluster0-shard-00-00-7c0ng.mongodb.net:27017], passives=[], arbiters=[], primary=&apos;cluster0-shard-00-01-7c0ng.mongodb.net:27017&apos;, tagSet=TagSet{[Tag{name=&apos;nodeType&apos;, value=&apos;ELECTABLE&apos;}, Tag{name=&apos;provider&apos;, value=&apos;AWS&apos;}, Tag{name=&apos;region&apos;, value=&apos;AP_SOUTHEAST_2&apos;}]}, electionId=null, setVersion=3, lastWriteDate=Mon Jul 27 12:26:32 AEST 2020, lastUpdateTimeNanos=6076291762400}
12:26:35.649 [cluster-ClusterId{value=&apos;5f1e3b5af3091d37f6411010&apos;, description=&apos;null&apos;}-cluster0-shard-00-01-7c0ng.mongodb.net:27017] INFO org.mongodb.driver.cluster - Monitor thread successfully connected to server with description ServerDescription{address=cluster0-shard-00-01-7c0ng.mongodb.net:27017, type=REPLICA_SET_PRIMARY, state=CONNECTED, ok=true, version=ServerVersion{versionList=[4, 2, 8]}, minWireVersion=0, maxWireVersion=8, maxDocumentSize=16777216, logicalSessionTimeoutMinutes=30, roundTripTimeNanos=30782900, setName=&apos;Cluster0-shard-0&apos;, canonicalAddress=cluster0-shard-00-01-7c0ng.mongodb.net:27017, hosts=[cluster0-shard-00-01-7c0ng.mongodb.net:27017, cluster0-shard-00-02-7c0ng.mongodb.net:27017, cluster0-shard-00-00-7c0ng.mongodb.net:27017], passives=[], arbiters=[], primary=&apos;cluster0-shard-00-01-7c0ng.mongodb.net:27017&apos;, tagSet=TagSet{[Tag{name=&apos;nodeType&apos;, value=&apos;ELECTABLE&apos;}, Tag{name=&apos;provider&apos;, value=&apos;AWS&apos;}, Tag{name=&apos;region&apos;, value=&apos;AP_SOUTHEAST_2&apos;}]}, electionId=7fffffff0000000000000009, setVersion=3, lastWriteDate=Mon Jul 27 12:26:32 AEST 2020, lastUpdateTimeNanos=6076289133500}
12:26:35.649 [cluster-ClusterId{value=&apos;5f1e3b5af3091d37f6411012&apos;, description=&apos;null&apos;}-cluster0-shard-00-00-7c0ng.mongodb.net:27017] INFO org.mongodb.driver.cluster - Monitor thread successfully connected to server with description ServerDescription{address=cluster0-shard-00-00-7c0ng.mongodb.net:27017, type=REPLICA_SET_SECONDARY, state=CONNECTED, ok=true, version=ServerVersion{versionList=[4, 2, 8]}, minWireVersion=0, maxWireVersion=8, maxDocumentSize=16777216, logicalSessionTimeoutMinutes=30, roundTripTimeNanos=32891000, setName=&apos;Cluster0-shard-0&apos;, canonicalAddress=cluster0-shard-00-00-7c0ng.mongodb.net:27017, hosts=[cluster0-shard-00-01-7c0ng.mongodb.net:27017, cluster0-shard-00-02-7c0ng.mongodb.net:27017, cluster0-shard-00-00-7c0ng.mongodb.net:27017], passives=[], arbiters=[], primary=&apos;cluster0-shard-00-01-7c0ng.mongodb.net:27017&apos;, tagSet=TagSet{[Tag{name=&apos;nodeType&apos;, value=&apos;ELECTABLE&apos;}, Tag{name=&apos;provider&apos;, value=&apos;AWS&apos;}, Tag{name=&apos;region&apos;, value=&apos;AP_SOUTHEAST_2&apos;}]}, electionId=null, setVersion=3, lastWriteDate=Mon Jul 27 12:26:32 AEST 2020, lastUpdateTimeNanos=6076292245100}
12:26:35.649 [cluster-ClusterId{value=&apos;5f1e3b5af3091d37f6411010&apos;, description=&apos;null&apos;}-cluster0-shard-00-00-7c0ng.mongodb.net:27017] INFO org.mongodb.driver.cluster - Monitor thread successfully connected to server with description ServerDescription{address=cluster0-shard-00-00-7c0ng.mongodb.net:27017, type=REPLICA_SET_SECONDARY, state=CONNECTED, ok=true, version=ServerVersion{versionList=[4, 2, 8]}, minWireVersion=0, maxWireVersion=8, maxDocumentSize=16777216, logicalSessionTimeoutMinutes=30, roundTripTimeNanos=31748800, setName=&apos;Cluster0-shard-0&apos;, canonicalAddress=cluster0-shard-00-00-7c0ng.mongodb.net:27017, hosts=[cluster0-shard-00-01-7c0ng.mongodb.net:27017, cluster0-shard-00-02-7c0ng.mongodb.net:27017, cluster0-shard-00-00-7c0ng.mongodb.net:27017], passives=[], arbiters=[], primary=&apos;cluster0-shard-00-01-7c0ng.mongodb.net:27017&apos;, tagSet=TagSet{[Tag{name=&apos;nodeType&apos;, value=&apos;ELECTABLE&apos;}, Tag{name=&apos;provider&apos;, value=&apos;AWS&apos;}, Tag{name=&apos;region&apos;, value=&apos;AP_SOUTHEAST_2&apos;}]}, electionId=null, setVersion=3, lastWriteDate=Mon Jul 27 12:26:32 AEST 2020, lastUpdateTimeNanos=6076291562700}
12:26:35.649 [cluster-ClusterId{value=&apos;5f1e3b5bf3091d37f6411016&apos;, description=&apos;null&apos;}-cluster0-shard-00-01-7c0ng.mongodb.net:27017] INFO org.mongodb.driver.cluster - Monitor thread successfully connected to server with description ServerDescription{address=cluster0-shard-00-01-7c0ng.mongodb.net:27017, type=REPLICA_SET_PRIMARY, state=CONNECTED, ok=true, version=ServerVersion{versionList=[4, 2, 8]}, minWireVersion=0, maxWireVersion=8, maxDocumentSize=16777216, logicalSessionTimeoutMinutes=30, roundTripTimeNanos=30591400, setName=&apos;Cluster0-shard-0&apos;, canonicalAddress=cluster0-shard-00-01-7c0ng.mongodb.net:27017, hosts=[cluster0-shard-00-01-7c0ng.mongodb.net:27017, cluster0-shard-00-02-7c0ng.mongodb.net:27017, cluster0-shard-00-00-7c0ng.mongodb.net:27017], passives=[], arbiters=[], primary=&apos;cluster0-shard-00-01-7c0ng.mongodb.net:27017&apos;, tagSet=TagSet{[Tag{name=&apos;nodeType&apos;, value=&apos;ELECTABLE&apos;}, Tag{name=&apos;provider&apos;, value=&apos;AWS&apos;}, Tag{name=&apos;region&apos;, value=&apos;AP_SOUTHEAST_2&apos;}]}, electionId=7fffffff0000000000000009, setVersion=3, lastWriteDate=Mon Jul 27 12:26:32 AEST 2020, lastUpdateTimeNanos=6076289164100}
12:26:35.649 [cluster-ClusterId{value=&apos;5f1e3b5af3091d37f6411014&apos;, description=&apos;null&apos;}-cluster0-shard-00-00-7c0ng.mongodb.net:27017] INFO org.mongodb.driver.cluster - Monitor thread successfully connected to server with description ServerDescription{address=cluster0-shard-00-00-7c0ng.mongodb.net:27017, type=REPLICA_SET_SECONDARY, state=CONNECTED, ok=true, version=ServerVersion{versionList=[4, 2, 8]}, minWireVersion=0, maxWireVersion=8, maxDocumentSize=16777216, logicalSessionTimeoutMinutes=30, roundTripTimeNanos=32312900, setName=&apos;Cluster0-shard-0&apos;, canonicalAddress=cluster0-shard-00-00-7c0ng.mongodb.net:27017, hosts=[cluster0-shard-00-01-7c0ng.mongodb.net:27017, cluster0-shard-00-02-7c0ng.mongodb.net:27017, cluster0-shard-00-00-7c0ng.mongodb.net:27017], passives=[], arbiters=[], primary=&apos;cluster0-shard-00-01-7c0ng.mongodb.net:27017&apos;, tagSet=TagSet{[Tag{name=&apos;nodeType&apos;, value=&apos;ELECTABLE&apos;}, Tag{name=&apos;provider&apos;, value=&apos;AWS&apos;}, Tag{name=&apos;region&apos;, value=&apos;AP_SOUTHEAST_2&apos;}]}, electionId=null, setVersion=3, lastWriteDate=Mon Jul 27 12:26:32 AEST 2020, lastUpdateTimeNanos=6076291349300}
12:26:35.649 [cluster-ClusterId{value=&apos;5f1e3b5bf3091d37f6411016&apos;, description=&apos;null&apos;}-cluster0-shard-00-00-7c0ng.mongodb.net:27017] INFO org.mongodb.driver.cluster - Monitor thread successfully connected to server with description ServerDescription{address=cluster0-shard-00-00-7c0ng.mongodb.net:27017, type=REPLICA_SET_SECONDARY, state=CONNECTED, ok=true, version=ServerVersion{versionList=[4, 2, 8]}, minWireVersion=0, maxWireVersion=8, maxDocumentSize=16777216, logicalSessionTimeoutMinutes=30, roundTripTimeNanos=32629000, setName=&apos;Cluster0-shard-0&apos;, canonicalAddress=cluster0-shard-00-00-7c0ng.mongodb.net:27017, hosts=[cluster0-shard-00-01-7c0ng.mongodb.net:27017, cluster0-shard-00-02-7c0ng.mongodb.net:27017, cluster0-shard-00-00-7c0ng.mongodb.net:27017], passives=[], arbiters=[], primary=&apos;cluster0-shard-00-01-7c0ng.mongodb.net:27017&apos;, tagSet=TagSet{[Tag{name=&apos;nodeType&apos;, value=&apos;ELECTABLE&apos;}, Tag{name=&apos;provider&apos;, value=&apos;AWS&apos;}, Tag{name=&apos;region&apos;, value=&apos;AP_SOUTHEAST_2&apos;}]}, electionId=null, setVersion=3, lastWriteDate=Mon Jul 27 12:26:32 AEST 2020, lastUpdateTimeNanos=6076289998100}
12:26:35.649 [cluster-ClusterId{value=&apos;5f1e3b5af3091d37f6411010&apos;, description=&apos;null&apos;}-cluster0-shard-00-02-7c0ng.mongodb.net:27017] INFO org.mongodb.driver.cluster - Monitor thread successfully connected to server with description ServerDescription{address=cluster0-shard-00-02-7c0ng.mongodb.net:27017, type=REPLICA_SET_SECONDARY, state=CONNECTED, ok=true, version=ServerVersion{versionList=[4, 2, 8]}, minWireVersion=0, maxWireVersion=8, maxDocumentSize=16777216, logicalSessionTimeoutMinutes=30, roundTripTimeNanos=34056200, setName=&apos;Cluster0-shard-0&apos;, canonicalAddress=cluster0-shard-00-02-7c0ng.mongodb.net:27017, hosts=[cluster0-shard-00-01-7c0ng.mongodb.net:27017, cluster0-shard-00-02-7c0ng.mongodb.net:27017, cluster0-shard-00-00-7c0ng.mongodb.net:27017], passives=[], arbiters=[], primary=&apos;cluster0-shard-00-01-7c0ng.mongodb.net:27017&apos;, tagSet=TagSet{[Tag{name=&apos;nodeType&apos;, value=&apos;ELECTABLE&apos;}, Tag{name=&apos;provider&apos;, value=&apos;AWS&apos;}, Tag{name=&apos;region&apos;, value=&apos;AP_SOUTHEAST_2&apos;}]}, electionId=null, setVersion=3, lastWriteDate=Mon Jul 27 12:26:32 AEST 2020, lastUpdateTimeNanos=6076291973800}
12:26:35.651 [cluster-ClusterId{value=&apos;5f1e3b5af3091d37f6411010&apos;, description=&apos;null&apos;}-cluster0-shard-00-01-7c0ng.mongodb.net:27017] INFO org.mongodb.driver.cluster - Setting max election id to 7fffffff0000000000000009 from replica set primary cluster0-shard-00-01-7c0ng.mongodb.net:27017
12:26:35.651 [cluster-ClusterId{value=&apos;5f1e3b5af3091d37f6411012&apos;, description=&apos;null&apos;}-cluster0-shard-00-00-7c0ng.mongodb.net:27017] DEBUG org.mongodb.driver.cluster - Updating cluster description to  {type=REPLICA_SET, servers=[{address=cluster0-shard-00-02-7c0ng.mongodb.net:27017, type=UNKNOWN, state=CONNECTING}, {address=cluster0-shard-00-01-7c0ng.mongodb.net:27017, type=UNKNOWN, state=CONNECTING}, {address=cluster0-shard-00-00-7c0ng.mongodb.net:27017, type=REPLICA_SET_SECONDARY, TagSet{[Tag{name=&apos;nodeType&apos;, value=&apos;ELECTABLE&apos;}, Tag{name=&apos;provider&apos;, value=&apos;AWS&apos;}, Tag{name=&apos;region&apos;, value=&apos;AP_SOUTHEAST_2&apos;}]}, roundTripTime=32.9 ms, state=CONNECTED}]
12:26:35.651 [cluster-ClusterId{value=&apos;5f1e3b5bf3091d37f6411016&apos;, description=&apos;null&apos;}-cluster0-shard-00-02-7c0ng.mongodb.net:27017] DEBUG org.mongodb.driver.cluster - Updating cluster description to  {type=REPLICA_SET, servers=[{address=cluster0-shard-00-02-7c0ng.mongodb.net:27017, type=REPLICA_SET_SECONDARY, TagSet{[Tag{name=&apos;nodeType&apos;, value=&apos;ELECTABLE&apos;}, Tag{name=&apos;provider&apos;, value=&apos;AWS&apos;}, Tag{name=&apos;region&apos;, value=&apos;AP_SOUTHEAST_2&apos;}]}, roundTripTime=33.9 ms, state=CONNECTED}, {address=cluster0-shard-00-01-7c0ng.mongodb.net:27017, type=UNKNOWN, state=CONNECTING}, {address=cluster0-shard-00-00-7c0ng.mongodb.net:27017, type=UNKNOWN, state=CONNECTING}]
12:26:35.651 [cluster-ClusterId{value=&apos;5f1e3b5af3091d37f6411014&apos;, description=&apos;null&apos;}-cluster0-shard-00-01-7c0ng.mongodb.net:27017] INFO org.mongodb.driver.cluster - Setting max election id to 7fffffff0000000000000009 from replica set primary cluster0-shard-00-01-7c0ng.mongodb.net:27017
12:26:35.652 [cluster-ClusterId{value=&apos;5f1e3b5af3091d37f6411010&apos;, description=&apos;null&apos;}-cluster0-shard-00-01-7c0ng.mongodb.net:27017] INFO org.mongodb.driver.cluster - Setting max set version to 3 from replica set primary cluster0-shard-00-01-7c0ng.mongodb.net:27017
12:26:35.652 [cluster-ClusterId{value=&apos;5f1e3b5af3091d37f6411012&apos;, description=&apos;null&apos;}-cluster0-shard-00-01-7c0ng.mongodb.net:27017] INFO org.mongodb.driver.cluster - Setting max election id to 7fffffff0000000000000009 from replica set primary cluster0-shard-00-01-7c0ng.mongodb.net:27017
12:26:35.652 [cluster-ClusterId{value=&apos;5f1e3b5af3091d37f6411014&apos;, description=&apos;null&apos;}-cluster0-shard-00-01-7c0ng.mongodb.net:27017] INFO org.mongodb.driver.cluster - Setting max set version to 3 from replica set primary cluster0-shard-00-01-7c0ng.mongodb.net:27017
12:26:35.652 [cluster-ClusterId{value=&apos;5f1e3b5af3091d37f6411012&apos;, description=&apos;null&apos;}-cluster0-shard-00-01-7c0ng.mongodb.net:27017] INFO org.mongodb.driver.cluster - Setting max set version to 3 from replica set primary cluster0-shard-00-01-7c0ng.mongodb.net:27017
12:26:35.652 [cluster-ClusterId{value=&apos;5f1e3b5af3091d37f6411010&apos;, description=&apos;null&apos;}-cluster0-shard-00-01-7c0ng.mongodb.net:27017] INFO org.mongodb.driver.cluster - Discovered replica set primary cluster0-shard-00-01-7c0ng.mongodb.net:27017
12:26:35.652 [cluster-ClusterId{value=&apos;5f1e3b5bf3091d37f6411016&apos;, description=&apos;null&apos;}-cluster0-shard-00-00-7c0ng.mongodb.net:27017] DEBUG org.mongodb.driver.cluster - Updating cluster description to  {type=REPLICA_SET, servers=[{address=cluster0-shard-00-02-7c0ng.mongodb.net:27017, type=REPLICA_SET_SECONDARY, TagSet{[Tag{name=&apos;nodeType&apos;, value=&apos;ELECTABLE&apos;}, Tag{name=&apos;provider&apos;, value=&apos;AWS&apos;}, Tag{name=&apos;region&apos;, value=&apos;AP_SOUTHEAST_2&apos;}]}, roundTripTime=33.9 ms, state=CONNECTED}, {address=cluster0-shard-00-01-7c0ng.mongodb.net:27017, type=UNKNOWN, state=CONNECTING}, {address=cluster0-shard-00-00-7c0ng.mongodb.net:27017, type=REPLICA_SET_SECONDARY, TagSet{[Tag{name=&apos;nodeType&apos;, value=&apos;ELECTABLE&apos;}, Tag{name=&apos;provider&apos;, value=&apos;AWS&apos;}, Tag{name=&apos;region&apos;, value=&apos;AP_SOUTHEAST_2&apos;}]}, roundTripTime=32.6 ms, state=CONNECTED}]
12:26:35.652 [cluster-ClusterId{value=&apos;5f1e3b5af3091d37f6411014&apos;, description=&apos;null&apos;}-cluster0-shard-00-01-7c0ng.mongodb.net:27017] INFO org.mongodb.driver.cluster - Discovered replica set primary cluster0-shard-00-01-7c0ng.mongodb.net:27017
12:26:35.652 [cluster-ClusterId{value=&apos;5f1e3b5af3091d37f6411010&apos;, description=&apos;null&apos;}-cluster0-shard-00-01-7c0ng.mongodb.net:27017] DEBUG org.mongodb.driver.cluster - Updating cluster description to  {type=REPLICA_SET, servers=[{address=cluster0-shard-00-02-7c0ng.mongodb.net:27017, type=UNKNOWN, state=CONNECTING}, {address=cluster0-shard-00-01-7c0ng.mongodb.net:27017, type=REPLICA_SET_PRIMARY, TagSet{[Tag{name=&apos;nodeType&apos;, value=&apos;ELECTABLE&apos;}, Tag{name=&apos;provider&apos;, value=&apos;AWS&apos;}, Tag{name=&apos;region&apos;, value=&apos;AP_SOUTHEAST_2&apos;}]}, roundTripTime=30.8 ms, state=CONNECTED}, {address=cluster0-shard-00-00-7c0ng.mongodb.net:27017, type=UNKNOWN, state=CONNECTING}]
12:26:35.652 [cluster-ClusterId{value=&apos;5f1e3b5af3091d37f6411012&apos;, description=&apos;null&apos;}-cluster0-shard-00-01-7c0ng.mongodb.net:27017] INFO org.mongodb.driver.cluster - Discovered replica set primary cluster0-shard-00-01-7c0ng.mongodb.net:27017
12:26:35.652 [cluster-ClusterId{value=&apos;5f1e3b5bf3091d37f6411016&apos;, description=&apos;null&apos;}-cluster0-shard-00-01-7c0ng.mongodb.net:27017] INFO org.mongodb.driver.cluster - Setting max election id to 7fffffff0000000000000009 from replica set primary cluster0-shard-00-01-7c0ng.mongodb.net:27017
12:26:35.653 [cluster-ClusterId{value=&apos;5f1e3b5af3091d37f6411014&apos;, description=&apos;null&apos;}-cluster0-shard-00-01-7c0ng.mongodb.net:27017] DEBUG org.mongodb.driver.cluster - Updating cluster description to  {type=REPLICA_SET, servers=[{address=cluster0-shard-00-02-7c0ng.mongodb.net:27017, type=UNKNOWN, state=CONNECTING}, {address=cluster0-shard-00-01-7c0ng.mongodb.net:27017, type=REPLICA_SET_PRIMARY, TagSet{[Tag{name=&apos;nodeType&apos;, value=&apos;ELECTABLE&apos;}, Tag{name=&apos;provider&apos;, value=&apos;AWS&apos;}, Tag{name=&apos;region&apos;, value=&apos;AP_SOUTHEAST_2&apos;}]}, roundTripTime=29.0 ms, state=CONNECTED}, {address=cluster0-shard-00-00-7c0ng.mongodb.net:27017, type=UNKNOWN, state=CONNECTING}]
12:26:35.653 [cluster-ClusterId{value=&apos;5f1e3b5bf3091d37f6411016&apos;, description=&apos;null&apos;}-cluster0-shard-00-01-7c0ng.mongodb.net:27017] INFO org.mongodb.driver.cluster - Setting max set version to 3 from replica set primary cluster0-shard-00-01-7c0ng.mongodb.net:27017
12:26:35.653 [cluster-ClusterId{value=&apos;5f1e3b5af3091d37f6411012&apos;, description=&apos;null&apos;}-cluster0-shard-00-01-7c0ng.mongodb.net:27017] DEBUG org.mongodb.driver.cluster - Updating cluster description to  {type=REPLICA_SET, servers=[{address=cluster0-shard-00-02-7c0ng.mongodb.net:27017, type=UNKNOWN, state=CONNECTING}, {address=cluster0-shard-00-01-7c0ng.mongodb.net:27017, type=REPLICA_SET_PRIMARY, TagSet{[Tag{name=&apos;nodeType&apos;, value=&apos;ELECTABLE&apos;}, Tag{name=&apos;provider&apos;, value=&apos;AWS&apos;}, Tag{name=&apos;region&apos;, value=&apos;AP_SOUTHEAST_2&apos;}]}, roundTripTime=30.8 ms, state=CONNECTED}, {address=cluster0-shard-00-00-7c0ng.mongodb.net:27017, type=REPLICA_SET_SECONDARY, TagSet{[Tag{name=&apos;nodeType&apos;, value=&apos;ELECTABLE&apos;}, Tag{name=&apos;provider&apos;, value=&apos;AWS&apos;}, Tag{name=&apos;region&apos;, value=&apos;AP_SOUTHEAST_2&apos;}]}, roundTripTime=32.9 ms, state=CONNECTED}]
12:26:35.653 [cluster-ClusterId{value=&apos;5f1e3b5af3091d37f6411010&apos;, description=&apos;null&apos;}-cluster0-shard-00-02-7c0ng.mongodb.net:27017] DEBUG org.mongodb.driver.cluster - Updating cluster description to  {type=REPLICA_SET, servers=[{address=cluster0-shard-00-02-7c0ng.mongodb.net:27017, type=REPLICA_SET_SECONDARY, TagSet{[Tag{name=&apos;nodeType&apos;, value=&apos;ELECTABLE&apos;}, Tag{name=&apos;provider&apos;, value=&apos;AWS&apos;}, Tag{name=&apos;region&apos;, value=&apos;AP_SOUTHEAST_2&apos;}]}, roundTripTime=34.1 ms, state=CONNECTED}, {address=cluster0-shard-00-01-7c0ng.mongodb.net:27017, type=REPLICA_SET_PRIMARY, TagSet{[Tag{name=&apos;nodeType&apos;, value=&apos;ELECTABLE&apos;}, Tag{name=&apos;provider&apos;, value=&apos;AWS&apos;}, Tag{name=&apos;region&apos;, value=&apos;AP_SOUTHEAST_2&apos;}]}, roundTripTime=30.8 ms, state=CONNECTED}, {address=cluster0-shard-00-00-7c0ng.mongodb.net:27017, type=UNKNOWN, state=CONNECTING}]
12:26:35.653 [cluster-ClusterId{value=&apos;5f1e3b5bf3091d37f6411016&apos;, description=&apos;null&apos;}-cluster0-shard-00-01-7c0ng.mongodb.net:27017] INFO org.mongodb.driver.cluster - Discovered replica set primary cluster0-shard-00-01-7c0ng.mongodb.net:27017
12:26:35.653 [cluster-ClusterId{value=&apos;5f1e3b5af3091d37f6411014&apos;, description=&apos;null&apos;}-cluster0-shard-00-00-7c0ng.mongodb.net:27017] DEBUG org.mongodb.driver.cluster - Updating cluster description to  {type=REPLICA_SET, servers=[{address=cluster0-shard-00-02-7c0ng.mongodb.net:27017, type=UNKNOWN, state=CONNECTING}, {address=cluster0-shard-00-01-7c0ng.mongodb.net:27017, type=REPLICA_SET_PRIMARY, TagSet{[Tag{name=&apos;nodeType&apos;, value=&apos;ELECTABLE&apos;}, Tag{name=&apos;provider&apos;, value=&apos;AWS&apos;}, Tag{name=&apos;region&apos;, value=&apos;AP_SOUTHEAST_2&apos;}]}, roundTripTime=29.0 ms, state=CONNECTED}, {address=cluster0-shard-00-00-7c0ng.mongodb.net:27017, type=REPLICA_SET_SECONDARY, TagSet{[Tag{name=&apos;nodeType&apos;, value=&apos;ELECTABLE&apos;}, Tag{name=&apos;provider&apos;, value=&apos;AWS&apos;}, Tag{name=&apos;region&apos;, value=&apos;AP_SOUTHEAST_2&apos;}]}, roundTripTime=32.3 ms, state=CONNECTED}]
12:26:35.653 [cluster-ClusterId{value=&apos;5f1e3b5af3091d37f6411012&apos;, description=&apos;null&apos;}-cluster0-shard-00-02-7c0ng.mongodb.net:27017] DEBUG org.mongodb.driver.cluster - Updating cluster description to  {type=REPLICA_SET, servers=[{address=cluster0-shard-00-02-7c0ng.mongodb.net:27017, type=REPLICA_SET_SECONDARY, TagSet{[Tag{name=&apos;nodeType&apos;, value=&apos;ELECTABLE&apos;}, Tag{name=&apos;provider&apos;, value=&apos;AWS&apos;}, Tag{name=&apos;region&apos;, value=&apos;AP_SOUTHEAST_2&apos;}]}, roundTripTime=33.0 ms, state=CONNECTED}, {address=cluster0-shard-00-01-7c0ng.mongodb.net:27017, type=REPLICA_SET_PRIMARY, TagSet{[Tag{name=&apos;nodeType&apos;, value=&apos;ELECTABLE&apos;}, Tag{name=&apos;provider&apos;, value=&apos;AWS&apos;}, Tag{name=&apos;region&apos;, value=&apos;AP_SOUTHEAST_2&apos;}]}, roundTripTime=30.8 ms, state=CONNECTED}, {address=cluster0-shard-00-00-7c0ng.mongodb.net:27017, type=REPLICA_SET_SECONDARY, TagSet{[Tag{name=&apos;nodeType&apos;, value=&apos;ELECTABLE&apos;}, Tag{name=&apos;provider&apos;, value=&apos;AWS&apos;}, Tag{name=&apos;region&apos;, value=&apos;AP_SOUTHEAST_2&apos;}]}, roundTripTime=32.9 ms, state=CONNECTED}]
12:26:35.654 [cluster-ClusterId{value=&apos;5f1e3b5af3091d37f6411010&apos;, description=&apos;null&apos;}-cluster0-shard-00-00-7c0ng.mongodb.net:27017] DEBUG org.mongodb.driver.cluster - Updating cluster description to  {type=REPLICA_SET, servers=[{address=cluster0-shard-00-02-7c0ng.mongodb.net:27017, type=REPLICA_SET_SECONDARY, TagSet{[Tag{name=&apos;nodeType&apos;, value=&apos;ELECTABLE&apos;}, Tag{name=&apos;provider&apos;, value=&apos;AWS&apos;}, Tag{name=&apos;region&apos;, value=&apos;AP_SOUTHEAST_2&apos;}]}, roundTripTime=34.1 ms, state=CONNECTED}, {address=cluster0-shard-00-01-7c0ng.mongodb.net:27017, type=REPLICA_SET_PRIMARY, TagSet{[Tag{name=&apos;nodeType&apos;, value=&apos;ELECTABLE&apos;}, Tag{name=&apos;provider&apos;, value=&apos;AWS&apos;}, Tag{name=&apos;region&apos;, value=&apos;AP_SOUTHEAST_2&apos;}]}, roundTripTime=30.8 ms, state=CONNECTED}, {address=cluster0-shard-00-00-7c0ng.mongodb.net:27017, type=REPLICA_SET_SECONDARY, TagSet{[Tag{name=&apos;nodeType&apos;, value=&apos;ELECTABLE&apos;}, Tag{name=&apos;provider&apos;, value=&apos;AWS&apos;}, Tag{name=&apos;region&apos;, value=&apos;AP_SOUTHEAST_2&apos;}]}, roundTripTime=31.7 ms, state=CONNECTED}]
12:26:35.654 [cluster-ClusterId{value=&apos;5f1e3b5bf3091d37f6411016&apos;, description=&apos;null&apos;}-cluster0-shard-00-01-7c0ng.mongodb.net:27017] DEBUG org.mongodb.driver.cluster - Updating cluster description to  {type=REPLICA_SET, servers=[{address=cluster0-shard-00-02-7c0ng.mongodb.net:27017, type=REPLICA_SET_SECONDARY, TagSet{[Tag{name=&apos;nodeType&apos;, value=&apos;ELECTABLE&apos;}, Tag{name=&apos;provider&apos;, value=&apos;AWS&apos;}, Tag{name=&apos;region&apos;, value=&apos;AP_SOUTHEAST_2&apos;}]}, roundTripTime=33.9 ms, state=CONNECTED}, {address=cluster0-shard-00-01-7c0ng.mongodb.net:27017, type=REPLICA_SET_PRIMARY, TagSet{[Tag{name=&apos;nodeType&apos;, value=&apos;ELECTABLE&apos;}, Tag{name=&apos;provider&apos;, value=&apos;AWS&apos;}, Tag{name=&apos;region&apos;, value=&apos;AP_SOUTHEAST_2&apos;}]}, roundTripTime=30.6 ms, state=CONNECTED}, {address=cluster0-shard-00-00-7c0ng.mongodb.net:27017, type=REPLICA_SET_SECONDARY, TagSet{[Tag{name=&apos;nodeType&apos;, value=&apos;ELECTABLE&apos;}, Tag{name=&apos;provider&apos;, value=&apos;AWS&apos;}, Tag{name=&apos;region&apos;, value=&apos;AP_SOUTHEAST_2&apos;}]}, roundTripTime=32.6 ms, state=CONNECTED}]
12:26:35.654 [cluster-ClusterId{value=&apos;5f1e3b5af3091d37f6411014&apos;, description=&apos;null&apos;}-cluster0-shard-00-02-7c0ng.mongodb.net:27017] DEBUG org.mongodb.driver.cluster - Updating cluster description to  {type=REPLICA_SET, servers=[{address=cluster0-shard-00-02-7c0ng.mongodb.net:27017, type=REPLICA_SET_SECONDARY, TagSet{[Tag{name=&apos;nodeType&apos;, value=&apos;ELECTABLE&apos;}, Tag{name=&apos;provider&apos;, value=&apos;AWS&apos;}, Tag{name=&apos;region&apos;, value=&apos;AP_SOUTHEAST_2&apos;}]}, roundTripTime=32.6 ms, state=CONNECTED}, {address=cluster0-shard-00-01-7c0ng.mongodb.net:27017, type=REPLICA_SET_PRIMARY, TagSet{[Tag{name=&apos;nodeType&apos;, value=&apos;ELECTABLE&apos;}, Tag{name=&apos;provider&apos;, value=&apos;AWS&apos;}, Tag{name=&apos;region&apos;, value=&apos;AP_SOUTHEAST_2&apos;}]}, roundTripTime=29.0 ms, state=CONNECTED}, {address=cluster0-shard-00-00-7c0ng.mongodb.net:27017, type=REPLICA_SET_SECONDARY, TagSet{[Tag{name=&apos;nodeType&apos;, value=&apos;ELECTABLE&apos;}, Tag{name=&apos;provider&apos;, value=&apos;AWS&apos;}, Tag{name=&apos;region&apos;, value=&apos;AP_SOUTHEAST_2&apos;}]}, roundTripTime=32.3 ms, state=CONNECTED}]
12:26:35.715 [main] DEBUG org.mongodb.driver.connection - Closing connection connectionId{localValue:22}
12:26:35.716 [main] INFO org.mongodb.driver.connection - Closed connection [connectionId{localValue:22}] to cluster0-shard-00-01-7c0ng.mongodb.net:27017 because there was a socket exception raised by this connection.
12:26:35.716 [main] DEBUG org.mongodb.driver.connection - Invalidating the connection pool
</system-out>
  </testcase>
  <testcase classname="dra.unit.test.MongoDBManagerTest" name="testCreateRead" time="0.003">
    <error message="Exception authenticating MongoCredential{mechanism=SCRAM-SHA-1, userName=&apos;&lt;insert your ID&gt;&apos;, source=&apos;admin&apos;, password=&lt;hidden&gt;, mechanismProperties=&lt;hidden&gt;}" type="com.mongodb.MongoSecurityException">com.mongodb.MongoSecurityException: Exception authenticating MongoCredential{mechanism=SCRAM-SHA-1, userName=&apos;&lt;insert your ID&gt;&apos;, source=&apos;admin&apos;, password=&lt;hidden&gt;, mechanismProperties=&lt;hidden&gt;}
	at com.mongodb.internal.connection.SaslAuthenticator.wrapException(SaslAuthenticator.java:201)
	at com.mongodb.internal.connection.SaslAuthenticator.access$300(SaslAuthenticator.java:40)
	at com.mongodb.internal.connection.SaslAuthenticator$1.run(SaslAuthenticator.java:78)
	at com.mongodb.internal.connection.SaslAuthenticator$1.run(SaslAuthenticator.java:47)
	at com.mongodb.internal.connection.SaslAuthenticator.doAsSubject(SaslAuthenticator.java:207)
	at com.mongodb.internal.connection.SaslAuthenticator.authenticate(SaslAuthenticator.java:47)
	at com.mongodb.internal.connection.InternalStreamConnectionInitializer.authenticateAll(InternalStreamConnectionInitializer.java:156)
	at com.mongodb.internal.connection.InternalStreamConnectionInitializer.initialize(InternalStreamConnectionInitializer.java:63)
	at com.mongodb.internal.connection.InternalStreamConnection.open(InternalStreamConnection.java:129)
	at com.mongodb.internal.connection.UsageTrackingInternalConnection.open(UsageTrackingInternalConnection.java:50)
	at com.mongodb.internal.connection.DefaultConnectionPool$PooledConnection.open(DefaultConnectionPool.java:398)
	at com.mongodb.internal.connection.DefaultConnectionPool.get(DefaultConnectionPool.java:115)
	at com.mongodb.internal.connection.DefaultConnectionPool.get(DefaultConnectionPool.java:101)
	at com.mongodb.internal.connection.DefaultServer.getConnection(DefaultServer.java:92)
	at com.mongodb.binding.ClusterBinding$ClusterBindingConnectionSource.getConnection(ClusterBinding.java:133)
	at com.mongodb.client.internal.ClientSessionBinding$SessionBindingConnectionSource.getConnection(ClientSessionBinding.java:135)
	at com.mongodb.operation.OperationHelper.withReleasableConnection(OperationHelper.java:501)
	at com.mongodb.operation.MixedBulkWriteOperation.execute(MixedBulkWriteOperation.java:196)
	at com.mongodb.operation.MixedBulkWriteOperation.execute(MixedBulkWriteOperation.java:71)
	at com.mongodb.client.internal.MongoClientDelegate$DelegateOperationExecutor.execute(MongoClientDelegate.java:213)
	at com.mongodb.client.internal.MongoCollectionImpl.executeSingleWriteRequest(MongoCollectionImpl.java:1053)
	at com.mongodb.client.internal.MongoCollectionImpl.executeInsertOne(MongoCollectionImpl.java:503)
	at com.mongodb.client.internal.MongoCollectionImpl.insertOne(MongoCollectionImpl.java:487)
	at com.mongodb.client.internal.MongoCollectionImpl.insertOne(MongoCollectionImpl.java:481)
	at dra.demo.model.dao.MongoDBManager.create(MongoDBManager.java:30)
	at dra.unit.test.MongoDBManagerTest.testCreateRead(MongoDBManagerTest.java:41)
	at sun.reflect.NativeMethodAccessorImpl.invoke0(Native Method)
	at sun.reflect.NativeMethodAccessorImpl.invoke(NativeMethodAccessorImpl.java:62)
	at sun.reflect.DelegatingMethodAccessorImpl.invoke(DelegatingMethodAccessorImpl.java:43)
	at java.lang.reflect.Method.invoke(Method.java:498)
	at junit.framework.TestCase.runTest(TestCase.java:176)
	at junit.framework.TestCase.runBare(TestCase.java:141)
	at junit.framework.TestResult$1.protect(TestResult.java:122)
	at junit.framework.TestResult.runProtected(TestResult.java:142)
	at junit.framework.TestResult.run(TestResult.java:125)
	at junit.framework.TestCase.run(TestCase.java:129)
	at junit.framework.TestSuite.runTest(TestSuite.java:252)
	at junit.framework.TestSuite.run(TestSuite.java:247)
	at org.junit.internal.runners.JUnit38ClassRunner.run(JUnit38ClassRunner.java:86)
	at org.apache.maven.surefire.junit4.JUnit4Provider.execute(JUnit4Provider.java:252)
	at org.apache.maven.surefire.junit4.JUnit4Provider.executeTestSet(JUnit4Provider.java:141)
	at org.apache.maven.surefire.junit4.JUnit4Provider.invoke(JUnit4Provider.java:112)
	at sun.reflect.NativeMethodAccessorImpl.invoke0(Native Method)
	at sun.reflect.NativeMethodAccessorImpl.invoke(NativeMethodAccessorImpl.java:62)
	at sun.reflect.DelegatingMethodAccessorImpl.invoke(DelegatingMethodAccessorImpl.java:43)
	at java.lang.reflect.Method.invoke(Method.java:498)
	at org.apache.maven.surefire.util.ReflectionUtils.invokeMethodWithArray(ReflectionUtils.java:189)
	at org.apache.maven.surefire.booter.ProviderFactory$ProviderProxy.invoke(ProviderFactory.java:165)
	at org.apache.maven.surefire.booter.ProviderFactory.invokeProvider(ProviderFactory.java:85)
	at org.apache.maven.surefire.booter.ForkedBooter.runSuitesInProcess(ForkedBooter.java:115)
	at org.apache.maven.surefire.booter.ForkedBooter.main(ForkedBooter.java:75)
Caused by: com.mongodb.MongoCommandException: Command failed with error 8000 (AtlasError): &apos;Authentication failed.&apos; on server cluster0-shard-00-01-7c0ng.mongodb.net:27017. The full response is {&quot;ok&quot;: 0, &quot;errmsg&quot;: &quot;Authentication failed.&quot;, &quot;code&quot;: 8000, &quot;codeName&quot;: &quot;AtlasError&quot;}
	at com.mongodb.internal.connection.ProtocolHelper.getCommandFailureException(ProtocolHelper.java:175)
	at com.mongodb.internal.connection.InternalStreamConnection.receiveCommandMessageResponse(InternalStreamConnection.java:303)
	at com.mongodb.internal.connection.InternalStreamConnection.sendAndReceive(InternalStreamConnection.java:259)
	at com.mongodb.internal.connection.CommandHelper.sendAndReceive(CommandHelper.java:83)
	at com.mongodb.internal.connection.CommandHelper.executeCommand(CommandHelper.java:33)
	at com.mongodb.internal.connection.SaslAuthenticator.sendSaslStart(SaslAuthenticator.java:158)
	at com.mongodb.internal.connection.SaslAuthenticator.access$100(SaslAuthenticator.java:40)
	at com.mongodb.internal.connection.SaslAuthenticator$1.run(SaslAuthenticator.java:54)
	... 48 more
</error>
    <system-out> &gt;&gt; Setting up MongoDB Manager Test variables: 
12:26:35.721 [main] INFO org.mongodb.driver.cluster - Cluster created with settings {hosts=[cluster0-shard-00-00-7c0ng.mongodb.net:27017, cluster0-shard-00-01-7c0ng.mongodb.net:27017, cluster0-shard-00-02-7c0ng.mongodb.net:27017], mode=MULTIPLE, requiredClusterType=REPLICA_SET, serverSelectionTimeout=&apos;30000 ms&apos;, maxWaitQueueSize=500, requiredReplicaSetName=&apos;Cluster0-shard-0&apos;}
12:26:35.721 [main] INFO org.mongodb.driver.cluster - Adding discovered server cluster0-shard-00-00-7c0ng.mongodb.net:27017 to client view of cluster
12:26:35.721 [main] INFO org.mongodb.driver.cluster - Adding discovered server cluster0-shard-00-01-7c0ng.mongodb.net:27017 to client view of cluster
12:26:35.722 [main] INFO org.mongodb.driver.cluster - Adding discovered server cluster0-shard-00-02-7c0ng.mongodb.net:27017 to client view of cluster
12:26:35.722 [main] DEBUG org.mongodb.driver.cluster - Updating cluster description to  {type=REPLICA_SET, servers=[{address=cluster0-shard-00-02-7c0ng.mongodb.net:27017, type=UNKNOWN, state=CONNECTING}, {address=cluster0-shard-00-01-7c0ng.mongodb.net:27017, type=UNKNOWN, state=CONNECTING}, {address=cluster0-shard-00-00-7c0ng.mongodb.net:27017, type=UNKNOWN, state=CONNECTING}]
 &gt;&gt; Testing Create/Read operations with Mongo DB: 
12:26:35.728 [main] INFO org.mongodb.driver.cluster - No server chosen by com.mongodb.client.internal.MongoClientDelegate$1@358c99f5 from cluster description ClusterDescription{type=REPLICA_SET, connectionMode=MULTIPLE, serverDescriptions=[ServerDescription{address=cluster0-shard-00-02-7c0ng.mongodb.net:27017, type=UNKNOWN, state=CONNECTING}, ServerDescription{address=cluster0-shard-00-01-7c0ng.mongodb.net:27017, type=UNKNOWN, state=CONNECTING}, ServerDescription{address=cluster0-shard-00-00-7c0ng.mongodb.net:27017, type=UNKNOWN, state=CONNECTING}]}. Waiting for 30000 ms before timing out
12:26:35.754 [cluster-ClusterId{value=&apos;5f1e3b5bf3091d37f6411017&apos;, description=&apos;null&apos;}-cluster0-shard-00-01-7c0ng.mongodb.net:27017] INFO org.mongodb.driver.connection - Opened connection [connectionId{localValue:24, serverValue:23775}] to cluster0-shard-00-01-7c0ng.mongodb.net:27017
12:26:35.754 [cluster-ClusterId{value=&apos;5f1e3b5bf3091d37f6411017&apos;, description=&apos;null&apos;}-cluster0-shard-00-01-7c0ng.mongodb.net:27017] DEBUG org.mongodb.driver.cluster - Checking status of cluster0-shard-00-01-7c0ng.mongodb.net:27017
12:26:35.755 [cluster-ClusterId{value=&apos;5f1e3b5bf3091d37f6411017&apos;, description=&apos;null&apos;}-cluster0-shard-00-01-7c0ng.mongodb.net:27017] DEBUG org.mongodb.driver.protocol.command - Sending command &apos;{&quot;ismaster&quot;: 1, &quot;$db&quot;: &quot;admin&quot;}&apos; with request id 72 to database admin on connection [connectionId{localValue:24, serverValue:23775}] to server cluster0-shard-00-01-7c0ng.mongodb.net:27017
12:26:35.756 [cluster-ClusterId{value=&apos;5f1e3b5bf3091d37f6411017&apos;, description=&apos;null&apos;}-cluster0-shard-00-00-7c0ng.mongodb.net:27017] INFO org.mongodb.driver.connection - Opened connection [connectionId{localValue:23, serverValue:64407}] to cluster0-shard-00-00-7c0ng.mongodb.net:27017
12:26:35.756 [cluster-ClusterId{value=&apos;5f1e3b5bf3091d37f6411017&apos;, description=&apos;null&apos;}-cluster0-shard-00-00-7c0ng.mongodb.net:27017] DEBUG org.mongodb.driver.cluster - Checking status of cluster0-shard-00-00-7c0ng.mongodb.net:27017
12:26:35.756 [cluster-ClusterId{value=&apos;5f1e3b5bf3091d37f6411017&apos;, description=&apos;null&apos;}-cluster0-shard-00-00-7c0ng.mongodb.net:27017] DEBUG org.mongodb.driver.protocol.command - Sending command &apos;{&quot;ismaster&quot;: 1, &quot;$db&quot;: &quot;admin&quot;}&apos; with request id 73 to database admin on connection [connectionId{localValue:23, serverValue:64407}] to server cluster0-shard-00-00-7c0ng.mongodb.net:27017
12:26:35.760 [cluster-ClusterId{value=&apos;5f1e3b5bf3091d37f6411017&apos;, description=&apos;null&apos;}-cluster0-shard-00-01-7c0ng.mongodb.net:27017] DEBUG org.mongodb.driver.protocol.command - Execution of command with request id 72 completed successfully in 5.53 ms on connection [connectionId{localValue:24, serverValue:23775}] to server cluster0-shard-00-01-7c0ng.mongodb.net:27017
12:26:35.761 [cluster-ClusterId{value=&apos;5f1e3b5bf3091d37f6411017&apos;, description=&apos;null&apos;}-cluster0-shard-00-01-7c0ng.mongodb.net:27017] INFO org.mongodb.driver.cluster - Monitor thread successfully connected to server with description ServerDescription{address=cluster0-shard-00-01-7c0ng.mongodb.net:27017, type=REPLICA_SET_PRIMARY, state=CONNECTED, ok=true, version=ServerVersion{versionList=[4, 2, 8]}, minWireVersion=0, maxWireVersion=8, maxDocumentSize=16777216, logicalSessionTimeoutMinutes=30, roundTripTimeNanos=6091400, setName=&apos;Cluster0-shard-0&apos;, canonicalAddress=cluster0-shard-00-01-7c0ng.mongodb.net:27017, hosts=[cluster0-shard-00-01-7c0ng.mongodb.net:27017, cluster0-shard-00-02-7c0ng.mongodb.net:27017, cluster0-shard-00-00-7c0ng.mongodb.net:27017], passives=[], arbiters=[], primary=&apos;cluster0-shard-00-01-7c0ng.mongodb.net:27017&apos;, tagSet=TagSet{[Tag{name=&apos;nodeType&apos;, value=&apos;ELECTABLE&apos;}, Tag{name=&apos;provider&apos;, value=&apos;AWS&apos;}, Tag{name=&apos;region&apos;, value=&apos;AP_SOUTHEAST_2&apos;}]}, electionId=7fffffff0000000000000009, setVersion=3, lastWriteDate=Mon Jul 27 12:26:32 AEST 2020, lastUpdateTimeNanos=6076406981000}
12:26:35.761 [cluster-ClusterId{value=&apos;5f1e3b5bf3091d37f6411017&apos;, description=&apos;null&apos;}-cluster0-shard-00-01-7c0ng.mongodb.net:27017] INFO org.mongodb.driver.cluster - Setting max election id to 7fffffff0000000000000009 from replica set primary cluster0-shard-00-01-7c0ng.mongodb.net:27017
12:26:35.761 [cluster-ClusterId{value=&apos;5f1e3b5bf3091d37f6411017&apos;, description=&apos;null&apos;}-cluster0-shard-00-01-7c0ng.mongodb.net:27017] INFO org.mongodb.driver.cluster - Setting max set version to 3 from replica set primary cluster0-shard-00-01-7c0ng.mongodb.net:27017
12:26:35.761 [cluster-ClusterId{value=&apos;5f1e3b5bf3091d37f6411017&apos;, description=&apos;null&apos;}-cluster0-shard-00-01-7c0ng.mongodb.net:27017] INFO org.mongodb.driver.cluster - Discovered replica set primary cluster0-shard-00-01-7c0ng.mongodb.net:27017
12:26:35.761 [cluster-ClusterId{value=&apos;5f1e3b5bf3091d37f6411017&apos;, description=&apos;null&apos;}-cluster0-shard-00-01-7c0ng.mongodb.net:27017] DEBUG org.mongodb.driver.cluster - Updating cluster description to  {type=REPLICA_SET, servers=[{address=cluster0-shard-00-02-7c0ng.mongodb.net:27017, type=UNKNOWN, state=CONNECTING}, {address=cluster0-shard-00-01-7c0ng.mongodb.net:27017, type=REPLICA_SET_PRIMARY, TagSet{[Tag{name=&apos;nodeType&apos;, value=&apos;ELECTABLE&apos;}, Tag{name=&apos;provider&apos;, value=&apos;AWS&apos;}, Tag{name=&apos;region&apos;, value=&apos;AP_SOUTHEAST_2&apos;}]}, roundTripTime=6.1 ms, state=CONNECTED}, {address=cluster0-shard-00-00-7c0ng.mongodb.net:27017, type=UNKNOWN, state=CONNECTING}]
12:26:35.762 [cluster-ClusterId{value=&apos;5f1e3b5bf3091d37f6411017&apos;, description=&apos;null&apos;}-cluster0-shard-00-00-7c0ng.mongodb.net:27017] DEBUG org.mongodb.driver.protocol.command - Execution of command with request id 73 completed successfully in 5.40 ms on connection [connectionId{localValue:23, serverValue:64407}] to server cluster0-shard-00-00-7c0ng.mongodb.net:27017
12:26:35.762 [cluster-ClusterId{value=&apos;5f1e3b5bf3091d37f6411017&apos;, description=&apos;null&apos;}-cluster0-shard-00-00-7c0ng.mongodb.net:27017] INFO org.mongodb.driver.cluster - Monitor thread successfully connected to server with description ServerDescription{address=cluster0-shard-00-00-7c0ng.mongodb.net:27017, type=REPLICA_SET_SECONDARY, state=CONNECTED, ok=true, version=ServerVersion{versionList=[4, 2, 8]}, minWireVersion=0, maxWireVersion=8, maxDocumentSize=16777216, logicalSessionTimeoutMinutes=30, roundTripTimeNanos=5756100, setName=&apos;Cluster0-shard-0&apos;, canonicalAddress=cluster0-shard-00-00-7c0ng.mongodb.net:27017, hosts=[cluster0-shard-00-01-7c0ng.mongodb.net:27017, cluster0-shard-00-02-7c0ng.mongodb.net:27017, cluster0-shard-00-00-7c0ng.mongodb.net:27017], passives=[], arbiters=[], primary=&apos;cluster0-shard-00-01-7c0ng.mongodb.net:27017&apos;, tagSet=TagSet{[Tag{name=&apos;nodeType&apos;, value=&apos;ELECTABLE&apos;}, Tag{name=&apos;provider&apos;, value=&apos;AWS&apos;}, Tag{name=&apos;region&apos;, value=&apos;AP_SOUTHEAST_2&apos;}]}, electionId=null, setVersion=3, lastWriteDate=Mon Jul 27 12:26:32 AEST 2020, lastUpdateTimeNanos=6076408135700}
12:26:35.762 [cluster-ClusterId{value=&apos;5f1e3b5bf3091d37f6411017&apos;, description=&apos;null&apos;}-cluster0-shard-00-00-7c0ng.mongodb.net:27017] DEBUG org.mongodb.driver.cluster - Updating cluster description to  {type=REPLICA_SET, servers=[{address=cluster0-shard-00-02-7c0ng.mongodb.net:27017, type=UNKNOWN, state=CONNECTING}, {address=cluster0-shard-00-01-7c0ng.mongodb.net:27017, type=REPLICA_SET_PRIMARY, TagSet{[Tag{name=&apos;nodeType&apos;, value=&apos;ELECTABLE&apos;}, Tag{name=&apos;provider&apos;, value=&apos;AWS&apos;}, Tag{name=&apos;region&apos;, value=&apos;AP_SOUTHEAST_2&apos;}]}, roundTripTime=6.1 ms, state=CONNECTED}, {address=cluster0-shard-00-00-7c0ng.mongodb.net:27017, type=REPLICA_SET_SECONDARY, TagSet{[Tag{name=&apos;nodeType&apos;, value=&apos;ELECTABLE&apos;}, Tag{name=&apos;provider&apos;, value=&apos;AWS&apos;}, Tag{name=&apos;region&apos;, value=&apos;AP_SOUTHEAST_2&apos;}]}, roundTripTime=5.8 ms, state=CONNECTED}]
12:26:35.764 [cluster-ClusterId{value=&apos;5f1e3b5bf3091d37f6411017&apos;, description=&apos;null&apos;}-cluster0-shard-00-02-7c0ng.mongodb.net:27017] INFO org.mongodb.driver.connection - Opened connection [connectionId{localValue:25, serverValue:67848}] to cluster0-shard-00-02-7c0ng.mongodb.net:27017
12:26:35.764 [cluster-ClusterId{value=&apos;5f1e3b5bf3091d37f6411017&apos;, description=&apos;null&apos;}-cluster0-shard-00-02-7c0ng.mongodb.net:27017] DEBUG org.mongodb.driver.cluster - Checking status of cluster0-shard-00-02-7c0ng.mongodb.net:27017
12:26:35.765 [cluster-ClusterId{value=&apos;5f1e3b5bf3091d37f6411017&apos;, description=&apos;null&apos;}-cluster0-shard-00-02-7c0ng.mongodb.net:27017] DEBUG org.mongodb.driver.protocol.command - Sending command &apos;{&quot;ismaster&quot;: 1, &quot;$db&quot;: &quot;admin&quot;, &quot;$clusterTime&quot;: {&quot;clusterTime&quot;: {&quot;$timestamp&quot;: {&quot;t&quot;: 1595816792, &quot;i&quot;: 1}}, &quot;signature&quot;: {&quot;hash&quot;: {&quot;$binary&quot;: {&quot;base64&quot;: &quot;DT/WYM9C+0+Vtt70z3kwT7bgKUk=&quot;, &quot;subType&quot;: &quot;00&quot;}}, &quot;keyId&quot;: 6821115210938449923}}}&apos; with request id 75 to database admin on connection [connectionId{localValue:25, serverValue:67848}] to server cluster0-shard-00-02-7c0ng.mongodb.net:27017
12:26:35.772 [cluster-ClusterId{value=&apos;5f1e3b5bf3091d37f6411017&apos;, description=&apos;null&apos;}-cluster0-shard-00-02-7c0ng.mongodb.net:27017] DEBUG org.mongodb.driver.protocol.command - Execution of command with request id 75 completed successfully in 7.36 ms on connection [connectionId{localValue:25, serverValue:67848}] to server cluster0-shard-00-02-7c0ng.mongodb.net:27017
12:26:35.772 [cluster-ClusterId{value=&apos;5f1e3b5bf3091d37f6411017&apos;, description=&apos;null&apos;}-cluster0-shard-00-02-7c0ng.mongodb.net:27017] INFO org.mongodb.driver.cluster - Monitor thread successfully connected to server with description ServerDescription{address=cluster0-shard-00-02-7c0ng.mongodb.net:27017, type=REPLICA_SET_SECONDARY, state=CONNECTED, ok=true, version=ServerVersion{versionList=[4, 2, 8]}, minWireVersion=0, maxWireVersion=8, maxDocumentSize=16777216, logicalSessionTimeoutMinutes=30, roundTripTimeNanos=7989900, setName=&apos;Cluster0-shard-0&apos;, canonicalAddress=cluster0-shard-00-02-7c0ng.mongodb.net:27017, hosts=[cluster0-shard-00-01-7c0ng.mongodb.net:27017, cluster0-shard-00-02-7c0ng.mongodb.net:27017, cluster0-shard-00-00-7c0ng.mongodb.net:27017], passives=[], arbiters=[], primary=&apos;cluster0-shard-00-01-7c0ng.mongodb.net:27017&apos;, tagSet=TagSet{[Tag{name=&apos;nodeType&apos;, value=&apos;ELECTABLE&apos;}, Tag{name=&apos;provider&apos;, value=&apos;AWS&apos;}, Tag{name=&apos;region&apos;, value=&apos;AP_SOUTHEAST_2&apos;}]}, electionId=null, setVersion=3, lastWriteDate=Mon Jul 27 12:26:32 AEST 2020, lastUpdateTimeNanos=6076418133900}
12:26:35.772 [cluster-ClusterId{value=&apos;5f1e3b5bf3091d37f6411017&apos;, description=&apos;null&apos;}-cluster0-shard-00-02-7c0ng.mongodb.net:27017] DEBUG org.mongodb.driver.cluster - Updating cluster description to  {type=REPLICA_SET, servers=[{address=cluster0-shard-00-02-7c0ng.mongodb.net:27017, type=REPLICA_SET_SECONDARY, TagSet{[Tag{name=&apos;nodeType&apos;, value=&apos;ELECTABLE&apos;}, Tag{name=&apos;provider&apos;, value=&apos;AWS&apos;}, Tag{name=&apos;region&apos;, value=&apos;AP_SOUTHEAST_2&apos;}]}, roundTripTime=8.0 ms, state=CONNECTED}, {address=cluster0-shard-00-01-7c0ng.mongodb.net:27017, type=REPLICA_SET_PRIMARY, TagSet{[Tag{name=&apos;nodeType&apos;, value=&apos;ELECTABLE&apos;}, Tag{name=&apos;provider&apos;, value=&apos;AWS&apos;}, Tag{name=&apos;region&apos;, value=&apos;AP_SOUTHEAST_2&apos;}]}, roundTripTime=6.1 ms, state=CONNECTED}, {address=cluster0-shard-00-00-7c0ng.mongodb.net:27017, type=REPLICA_SET_SECONDARY, TagSet{[Tag{name=&apos;nodeType&apos;, value=&apos;ELECTABLE&apos;}, Tag{name=&apos;provider&apos;, value=&apos;AWS&apos;}, Tag{name=&apos;region&apos;, value=&apos;AP_SOUTHEAST_2&apos;}]}, roundTripTime=5.8 ms, state=CONNECTED}]
12:26:35.800 [main] DEBUG org.mongodb.driver.connection - Closing connection connectionId{localValue:26}
12:26:35.800 [main] INFO org.mongodb.driver.connection - Closed connection [connectionId{localValue:26}] to cluster0-shard-00-01-7c0ng.mongodb.net:27017 because there was a socket exception raised by this connection.
12:26:35.800 [main] DEBUG org.mongodb.driver.connection - Invalidating the connection pool
</system-out>
  </testcase>
</testsuite>